[2026-05-10T11:59:40.539+0000] {local_task_job_runner.py:120} INFO - ::group::Pre task execution logs
[2026-05-10T11:59:40.569+0000] {taskinstance.py:2076} INFO - Dependencies all met for dep_context=non-requeueable deps ti=<TaskInstance: gas_iot_pipeline_v2.ingest_to_minio manual__2026-05-10T11:59:40.082787+00:00 [queued]>
[2026-05-10T11:59:40.576+0000] {taskinstance.py:2076} INFO - Dependencies all met for dep_context=requeueable deps ti=<TaskInstance: gas_iot_pipeline_v2.ingest_to_minio manual__2026-05-10T11:59:40.082787+00:00 [queued]>
[2026-05-10T11:59:40.577+0000] {taskinstance.py:2306} INFO - Starting attempt 1 of 1
[2026-05-10T11:59:40.586+0000] {taskinstance.py:2330} INFO - Executing <Task(PythonOperator): ingest_to_minio> on 2026-05-10 11:59:40.082787+00:00
[2026-05-10T11:59:40.595+0000] {standard_task_runner.py:90} INFO - Running: ['***', 'tasks', 'run', 'gas_iot_pipeline_v2', 'ingest_to_minio', 'manual__2026-05-10T11:59:40.082787+00:00', '--job-id', '3', '--raw', '--subdir', 'DAGS_FOLDER/gas_pipeline_dag.py', '--cfg-path', '/tmp/tmpua27fj3l']
[2026-05-10T11:59:40.597+0000] {standard_task_runner.py:91} INFO - Job 3: Subtask ingest_to_minio
[2026-05-10T11:59:40.597+0000] {logging_mixin.py:188} WARNING - /home/***/.local/lib/python3.12/site-packages/***/task/task_runner/standard_task_runner.py:61 DeprecationWarning: This process (pid=219) is multi-threaded, use of fork() may lead to deadlocks in the child.
[2026-05-10T11:59:40.599+0000] {standard_task_runner.py:63} INFO - Started process 220 to run task
[2026-05-10T11:59:40.641+0000] {task_command.py:426} INFO - Running <TaskInstance: gas_iot_pipeline_v2.ingest_to_minio manual__2026-05-10T11:59:40.082787+00:00 [running]> on host 75f5cb16c6b7
[2026-05-10T11:59:40.708+0000] {taskinstance.py:2648} INFO - Exporting env vars: AIRFLOW_CTX_DAG_OWNER='***' AIRFLOW_CTX_DAG_ID='gas_iot_pipeline_v2' AIRFLOW_CTX_TASK_ID='ingest_to_minio' AIRFLOW_CTX_EXECUTION_DATE='2026-05-10T11:59:40.082787+00:00' AIRFLOW_CTX_TRY_NUMBER='1' AIRFLOW_CTX_DAG_RUN_ID='manual__2026-05-10T11:59:40.082787+00:00'
[2026-05-10T11:59:40.710+0000] {taskinstance.py:430} INFO - ::endgroup::
[2026-05-10T11:59:41.571+0000] {taskinstance.py:441} INFO - ::group::Post task execution logs
[2026-05-10T11:59:41.572+0000] {taskinstance.py:2905} ERROR - Task failed with exception
Traceback (most recent call last):
  File "/home/airflow/.local/lib/python3.12/site-packages/s3fs/core.py", line 169, in _error_wrapper
    return await func(*args, **kwargs)
           ^^^^^^^^^^^^^^^^^^^^^^^^^^^
  File "/home/airflow/.local/lib/python3.12/site-packages/aiobotocore/context.py", line 36, in wrapper
    return await func(*args, **kwargs)
           ^^^^^^^^^^^^^^^^^^^^^^^^^^^
  File "/home/airflow/.local/lib/python3.12/site-packages/aiobotocore/client.py", line 436, in _make_api_call
    raise error_class(parsed_response, operation_name)
botocore.exceptions.ClientError: An error occurred (InvalidAccessKeyId) when calling the PutObject operation: The Access Key Id you provided does not exist in our records.

The above exception was the direct cause of the following exception:

Traceback (most recent call last):
  File "/home/airflow/.local/lib/python3.12/site-packages/airflow/models/taskinstance.py", line 465, in _execute_task
    result = _execute_callable(context=context, **execute_callable_kwargs)
             ^^^^^^^^^^^^^^^^^^^^^^^^^^^^^^^^^^^^^^^^^^^^^^^^^^^^^^^^^^^^^
  File "/home/airflow/.local/lib/python3.12/site-packages/airflow/models/taskinstance.py", line 432, in _execute_callable
    return execute_callable(context=context, **execute_callable_kwargs)
           ^^^^^^^^^^^^^^^^^^^^^^^^^^^^^^^^^^^^^^^^^^^^^^^^^^^^^^^^^^^^
  File "/home/airflow/.local/lib/python3.12/site-packages/airflow/models/baseoperator.py", line 401, in wrapper
    return func(self, *args, **kwargs)
           ^^^^^^^^^^^^^^^^^^^^^^^^^^^
  File "/home/airflow/.local/lib/python3.12/site-packages/airflow/operators/python.py", line 235, in execute
    return_value = self.execute_callable()
                   ^^^^^^^^^^^^^^^^^^^^^^^
  File "/home/airflow/.local/lib/python3.12/site-packages/airflow/operators/python.py", line 252, in execute_callable
    return self.python_callable(*self.op_args, **self.op_kwargs)
           ^^^^^^^^^^^^^^^^^^^^^^^^^^^^^^^^^^^^^^^^^^^^^^^^^^^^^
  File "/opt/airflow/dags/gas_pipeline_dag.py", line 55, in generate_fake_data
    devices_df.to_csv(f"s3://{BUCKET_NAME}/raw/devices.csv", storage_options=STORAGE_OPTIONS, index=False)
  File "/home/airflow/.local/lib/python3.12/site-packages/pandas/core/generic.py", line 3902, in to_csv
    return DataFrameRenderer(formatter).to_csv(
           ^^^^^^^^^^^^^^^^^^^^^^^^^^^^^^^^^^^^
  File "/home/airflow/.local/lib/python3.12/site-packages/pandas/io/formats/format.py", line 1152, in to_csv
    csv_formatter.save()
  File "/home/airflow/.local/lib/python3.12/site-packages/pandas/io/formats/csvs.py", line 247, in save
    with get_handle(
  File "/home/airflow/.local/lib/python3.12/site-packages/pandas/io/common.py", line 142, in __exit__
    self.close()
  File "/home/airflow/.local/lib/python3.12/site-packages/pandas/io/common.py", line 134, in close
    handle.close()
  File "/home/airflow/.local/lib/python3.12/site-packages/fsspec/spec.py", line 2220, in close
    self.flush(force=True)
  File "/home/airflow/.local/lib/python3.12/site-packages/fsspec/spec.py", line 2083, in flush
    if self._upload_chunk(final=force) is not False:
       ^^^^^^^^^^^^^^^^^^^^^^^^^^^^^^^
  File "/home/airflow/.local/lib/python3.12/site-packages/s3fs/core.py", line 2754, in _upload_chunk
    self.commit()
  File "/home/airflow/.local/lib/python3.12/site-packages/s3fs/core.py", line 2780, in commit
    write_result = self._call_s3("put_object", **kw, **match)
                   ^^^^^^^^^^^^^^^^^^^^^^^^^^^^^^^^^^^^^^^^^^
  File "/home/airflow/.local/lib/python3.12/site-packages/s3fs/core.py", line 2613, in _call_s3
    return self.fs.call_s3(method, self.s3_additional_kwargs, *kwarglist, **kwargs)
           ^^^^^^^^^^^^^^^^^^^^^^^^^^^^^^^^^^^^^^^^^^^^^^^^^^^^^^^^^^^^^^^^^^^^^^^^
  File "/home/airflow/.local/lib/python3.12/site-packages/fsspec/asyn.py", line 118, in wrapper
    return sync(self.loop, func, *args, **kwargs)
           ^^^^^^^^^^^^^^^^^^^^^^^^^^^^^^^^^^^^^^
  File "/home/airflow/.local/lib/python3.12/site-packages/fsspec/asyn.py", line 103, in sync
    raise return_result
  File "/home/airflow/.local/lib/python3.12/site-packages/fsspec/asyn.py", line 56, in _runner
    result[0] = await coro
                ^^^^^^^^^^
  File "/home/airflow/.local/lib/python3.12/site-packages/s3fs/core.py", line 460, in _call_s3
    return await _error_wrapper(
           ^^^^^^^^^^^^^^^^^^^^^
  File "/home/airflow/.local/lib/python3.12/site-packages/s3fs/core.py", line 215, in _error_wrapper
    raise err
PermissionError: The Access Key Id you provided does not exist in our records.
[2026-05-10T11:59:41.585+0000] {taskinstance.py:1206} INFO - Marking task as FAILED. dag_id=gas_iot_pipeline_v2, task_id=ingest_to_minio, run_id=manual__2026-05-10T11:59:40.082787+00:00, execution_date=20260510T115940, start_date=20260510T115940, end_date=20260510T115941
[2026-05-10T11:59:41.593+0000] {standard_task_runner.py:110} ERROR - Failed to execute job 3 for task ingest_to_minio (The Access Key Id you provided does not exist in our records.; 220)
[2026-05-10T11:59:41.640+0000] {local_task_job_runner.py:240} INFO - Task exited with return code 1
[2026-05-10T11:59:41.658+0000] {taskinstance.py:3503} INFO - 0 downstream tasks scheduled from follow-on schedule check
[2026-05-10T11:59:41.662+0000] {local_task_job_runner.py:222} INFO - ::endgroup::
