[2026-05-10T12:55:28.874+0000] {processor.py:161} INFO - Started process (PID=944) to work on /opt/airflow/dags/gas_pipeline_dag_OLD.py
[2026-05-10T12:55:28.875+0000] {processor.py:830} INFO - Processing file /opt/airflow/dags/gas_pipeline_dag_OLD.py for tasks to queue
[2026-05-10T12:55:28.877+0000] {logging_mixin.py:188} INFO - [2026-05-10T12:55:28.877+0000] {dagbag.py:545} INFO - Filling up the DagBag from /opt/airflow/dags/gas_pipeline_dag_OLD.py
[2026-05-10T12:55:28.904+0000] {processor.py:840} INFO - DAG(s) 'gas_iot_pipeline_v2' retrieved from /opt/airflow/dags/gas_pipeline_dag_OLD.py
[2026-05-10T12:55:28.918+0000] {logging_mixin.py:188} INFO - [2026-05-10T12:55:28.918+0000] {dag.py:3096} INFO - Sync 1 DAGs
[2026-05-10T12:55:28.941+0000] {logging_mixin.py:188} INFO - [2026-05-10T12:55:28.941+0000] {dag.py:3954} INFO - Setting next_dagrun for gas_iot_pipeline_v2 to 2026-05-10 00:00:00+00:00, run_after=2026-05-11 00:00:00+00:00
[2026-05-10T12:55:28.978+0000] {processor.py:183} INFO - Processing /opt/airflow/dags/gas_pipeline_dag_OLD.py took 0.108 seconds
[2026-05-10T12:55:59.237+0000] {processor.py:161} INFO - Started process (PID=964) to work on /opt/airflow/dags/gas_pipeline_dag_OLD.py
[2026-05-10T12:55:59.237+0000] {processor.py:830} INFO - Processing file /opt/airflow/dags/gas_pipeline_dag_OLD.py for tasks to queue
[2026-05-10T12:55:59.239+0000] {logging_mixin.py:188} INFO - [2026-05-10T12:55:59.239+0000] {dagbag.py:545} INFO - Filling up the DagBag from /opt/airflow/dags/gas_pipeline_dag_OLD.py
[2026-05-10T12:55:59.256+0000] {processor.py:840} INFO - DAG(s) 'gas_iot_pipeline_v2' retrieved from /opt/airflow/dags/gas_pipeline_dag_OLD.py
[2026-05-10T12:55:59.267+0000] {logging_mixin.py:188} INFO - [2026-05-10T12:55:59.266+0000] {dag.py:3096} INFO - Sync 1 DAGs
[2026-05-10T12:55:59.288+0000] {logging_mixin.py:188} INFO - [2026-05-10T12:55:59.288+0000] {dag.py:3954} INFO - Setting next_dagrun for gas_iot_pipeline_v2 to 2026-05-10 00:00:00+00:00, run_after=2026-05-11 00:00:00+00:00
[2026-05-10T12:55:59.310+0000] {processor.py:183} INFO - Processing /opt/airflow/dags/gas_pipeline_dag_OLD.py took 0.078 seconds
[2026-05-10T12:56:29.558+0000] {processor.py:161} INFO - Started process (PID=984) to work on /opt/airflow/dags/gas_pipeline_dag_OLD.py
[2026-05-10T12:56:29.559+0000] {processor.py:830} INFO - Processing file /opt/airflow/dags/gas_pipeline_dag_OLD.py for tasks to queue
[2026-05-10T12:56:29.560+0000] {logging_mixin.py:188} INFO - [2026-05-10T12:56:29.560+0000] {dagbag.py:545} INFO - Filling up the DagBag from /opt/airflow/dags/gas_pipeline_dag_OLD.py
[2026-05-10T12:56:29.576+0000] {processor.py:840} INFO - DAG(s) 'gas_iot_pipeline_v2' retrieved from /opt/airflow/dags/gas_pipeline_dag_OLD.py
[2026-05-10T12:56:29.666+0000] {logging_mixin.py:188} INFO - [2026-05-10T12:56:29.666+0000] {dag.py:3096} INFO - Sync 1 DAGs
[2026-05-10T12:56:29.684+0000] {logging_mixin.py:188} INFO - [2026-05-10T12:56:29.683+0000] {dag.py:3954} INFO - Setting next_dagrun for gas_iot_pipeline_v2 to 2026-05-10 00:00:00+00:00, run_after=2026-05-11 00:00:00+00:00
[2026-05-10T12:56:29.703+0000] {processor.py:183} INFO - Processing /opt/airflow/dags/gas_pipeline_dag_OLD.py took 0.150 seconds
[2026-05-10T12:56:35.786+0000] {processor.py:161} INFO - Started process (PID=999) to work on /opt/airflow/dags/gas_pipeline_dag_OLD.py
[2026-05-10T12:56:35.787+0000] {processor.py:830} INFO - Processing file /opt/airflow/dags/gas_pipeline_dag_OLD.py for tasks to queue
[2026-05-10T12:56:35.789+0000] {logging_mixin.py:188} INFO - [2026-05-10T12:56:35.788+0000] {dagbag.py:545} INFO - Filling up the DagBag from /opt/airflow/dags/gas_pipeline_dag_OLD.py
[2026-05-10T12:56:35.818+0000] {processor.py:840} INFO - DAG(s) 'gas_iot_pipeline_v2' retrieved from /opt/airflow/dags/gas_pipeline_dag_OLD.py
[2026-05-10T12:56:35.828+0000] {logging_mixin.py:188} INFO - [2026-05-10T12:56:35.828+0000] {dag.py:3096} INFO - Sync 1 DAGs
[2026-05-10T12:56:35.847+0000] {logging_mixin.py:188} INFO - [2026-05-10T12:56:35.847+0000] {dag.py:3954} INFO - Setting next_dagrun for gas_iot_pipeline_v2 to 2026-05-10 00:00:00+00:00, run_after=2026-05-11 00:00:00+00:00
[2026-05-10T12:56:35.880+0000] {processor.py:183} INFO - Processing /opt/airflow/dags/gas_pipeline_dag_OLD.py took 0.098 seconds
[2026-05-10T12:57:06.126+0000] {processor.py:161} INFO - Started process (PID=1019) to work on /opt/airflow/dags/gas_pipeline_dag_OLD.py
[2026-05-10T12:57:06.127+0000] {processor.py:830} INFO - Processing file /opt/airflow/dags/gas_pipeline_dag_OLD.py for tasks to queue
[2026-05-10T12:57:06.130+0000] {logging_mixin.py:188} INFO - [2026-05-10T12:57:06.129+0000] {dagbag.py:545} INFO - Filling up the DagBag from /opt/airflow/dags/gas_pipeline_dag_OLD.py
[2026-05-10T12:57:06.146+0000] {processor.py:840} INFO - DAG(s) 'gas_iot_pipeline_v2' retrieved from /opt/airflow/dags/gas_pipeline_dag_OLD.py
[2026-05-10T12:57:06.159+0000] {logging_mixin.py:188} INFO - [2026-05-10T12:57:06.159+0000] {dag.py:3096} INFO - Sync 1 DAGs
[2026-05-10T12:57:06.179+0000] {logging_mixin.py:188} INFO - [2026-05-10T12:57:06.179+0000] {dag.py:3954} INFO - Setting next_dagrun for gas_iot_pipeline_v2 to 2026-05-10 00:00:00+00:00, run_after=2026-05-11 00:00:00+00:00
[2026-05-10T12:57:06.195+0000] {processor.py:183} INFO - Processing /opt/airflow/dags/gas_pipeline_dag_OLD.py took 0.073 seconds
[2026-05-10T12:57:36.444+0000] {processor.py:161} INFO - Started process (PID=1039) to work on /opt/airflow/dags/gas_pipeline_dag_OLD.py
[2026-05-10T12:57:36.446+0000] {processor.py:830} INFO - Processing file /opt/airflow/dags/gas_pipeline_dag_OLD.py for tasks to queue
[2026-05-10T12:57:36.448+0000] {logging_mixin.py:188} INFO - [2026-05-10T12:57:36.447+0000] {dagbag.py:545} INFO - Filling up the DagBag from /opt/airflow/dags/gas_pipeline_dag_OLD.py
[2026-05-10T12:57:36.464+0000] {processor.py:840} INFO - DAG(s) 'gas_iot_pipeline_v2' retrieved from /opt/airflow/dags/gas_pipeline_dag_OLD.py
[2026-05-10T12:57:36.565+0000] {logging_mixin.py:188} INFO - [2026-05-10T12:57:36.564+0000] {dag.py:3096} INFO - Sync 1 DAGs
[2026-05-10T12:57:36.584+0000] {logging_mixin.py:188} INFO - [2026-05-10T12:57:36.584+0000] {dag.py:3954} INFO - Setting next_dagrun for gas_iot_pipeline_v2 to 2026-05-10 00:00:00+00:00, run_after=2026-05-11 00:00:00+00:00
[2026-05-10T12:57:36.605+0000] {processor.py:183} INFO - Processing /opt/airflow/dags/gas_pipeline_dag_OLD.py took 0.168 seconds
[2026-05-10T12:58:06.687+0000] {processor.py:161} INFO - Started process (PID=1059) to work on /opt/airflow/dags/gas_pipeline_dag_OLD.py
[2026-05-10T12:58:06.688+0000] {processor.py:830} INFO - Processing file /opt/airflow/dags/gas_pipeline_dag_OLD.py for tasks to queue
[2026-05-10T12:58:06.691+0000] {logging_mixin.py:188} INFO - [2026-05-10T12:58:06.691+0000] {dagbag.py:545} INFO - Filling up the DagBag from /opt/airflow/dags/gas_pipeline_dag_OLD.py
[2026-05-10T12:58:06.706+0000] {processor.py:840} INFO - DAG(s) 'gas_iot_pipeline_v2' retrieved from /opt/airflow/dags/gas_pipeline_dag_OLD.py
[2026-05-10T12:58:06.730+0000] {logging_mixin.py:188} INFO - [2026-05-10T12:58:06.730+0000] {dag.py:3096} INFO - Sync 1 DAGs
[2026-05-10T12:58:06.748+0000] {logging_mixin.py:188} INFO - [2026-05-10T12:58:06.748+0000] {dag.py:3954} INFO - Setting next_dagrun for gas_iot_pipeline_v2 to 2026-05-10 00:00:00+00:00, run_after=2026-05-11 00:00:00+00:00
[2026-05-10T12:58:06.763+0000] {processor.py:183} INFO - Processing /opt/airflow/dags/gas_pipeline_dag_OLD.py took 0.080 seconds
[2026-05-10T12:58:37.000+0000] {processor.py:161} INFO - Started process (PID=1079) to work on /opt/airflow/dags/gas_pipeline_dag_OLD.py
[2026-05-10T12:58:37.001+0000] {processor.py:830} INFO - Processing file /opt/airflow/dags/gas_pipeline_dag_OLD.py for tasks to queue
[2026-05-10T12:58:37.002+0000] {logging_mixin.py:188} INFO - [2026-05-10T12:58:37.002+0000] {dagbag.py:545} INFO - Filling up the DagBag from /opt/airflow/dags/gas_pipeline_dag_OLD.py
[2026-05-10T12:58:37.015+0000] {processor.py:840} INFO - DAG(s) 'gas_iot_pipeline_v2' retrieved from /opt/airflow/dags/gas_pipeline_dag_OLD.py
[2026-05-10T12:58:37.025+0000] {logging_mixin.py:188} INFO - [2026-05-10T12:58:37.025+0000] {dag.py:3096} INFO - Sync 1 DAGs
[2026-05-10T12:58:37.042+0000] {logging_mixin.py:188} INFO - [2026-05-10T12:58:37.041+0000] {dag.py:3954} INFO - Setting next_dagrun for gas_iot_pipeline_v2 to 2026-05-10 00:00:00+00:00, run_after=2026-05-11 00:00:00+00:00
[2026-05-10T12:58:37.067+0000] {processor.py:183} INFO - Processing /opt/airflow/dags/gas_pipeline_dag_OLD.py took 0.071 seconds
[2026-05-10T12:59:07.228+0000] {processor.py:161} INFO - Started process (PID=1099) to work on /opt/airflow/dags/gas_pipeline_dag_OLD.py
[2026-05-10T12:59:07.229+0000] {processor.py:830} INFO - Processing file /opt/airflow/dags/gas_pipeline_dag_OLD.py for tasks to queue
[2026-05-10T12:59:07.232+0000] {logging_mixin.py:188} INFO - [2026-05-10T12:59:07.231+0000] {dagbag.py:545} INFO - Filling up the DagBag from /opt/airflow/dags/gas_pipeline_dag_OLD.py
[2026-05-10T12:59:07.248+0000] {processor.py:840} INFO - DAG(s) 'gas_iot_pipeline_v2' retrieved from /opt/airflow/dags/gas_pipeline_dag_OLD.py
[2026-05-10T12:59:07.261+0000] {logging_mixin.py:188} INFO - [2026-05-10T12:59:07.261+0000] {dag.py:3096} INFO - Sync 1 DAGs
[2026-05-10T12:59:07.285+0000] {logging_mixin.py:188} INFO - [2026-05-10T12:59:07.285+0000] {dag.py:3954} INFO - Setting next_dagrun for gas_iot_pipeline_v2 to 2026-05-10 00:00:00+00:00, run_after=2026-05-11 00:00:00+00:00
[2026-05-10T12:59:07.303+0000] {processor.py:183} INFO - Processing /opt/airflow/dags/gas_pipeline_dag_OLD.py took 0.080 seconds
[2026-05-10T12:59:37.587+0000] {processor.py:161} INFO - Started process (PID=1119) to work on /opt/airflow/dags/gas_pipeline_dag_OLD.py
[2026-05-10T12:59:37.588+0000] {processor.py:830} INFO - Processing file /opt/airflow/dags/gas_pipeline_dag_OLD.py for tasks to queue
[2026-05-10T12:59:37.590+0000] {logging_mixin.py:188} INFO - [2026-05-10T12:59:37.589+0000] {dagbag.py:545} INFO - Filling up the DagBag from /opt/airflow/dags/gas_pipeline_dag_OLD.py
[2026-05-10T12:59:37.603+0000] {processor.py:840} INFO - DAG(s) 'gas_iot_pipeline_v2' retrieved from /opt/airflow/dags/gas_pipeline_dag_OLD.py
[2026-05-10T12:59:37.614+0000] {logging_mixin.py:188} INFO - [2026-05-10T12:59:37.614+0000] {dag.py:3096} INFO - Sync 1 DAGs
[2026-05-10T12:59:37.633+0000] {logging_mixin.py:188} INFO - [2026-05-10T12:59:37.632+0000] {dag.py:3954} INFO - Setting next_dagrun for gas_iot_pipeline_v2 to 2026-05-10 00:00:00+00:00, run_after=2026-05-11 00:00:00+00:00
[2026-05-10T12:59:37.652+0000] {processor.py:183} INFO - Processing /opt/airflow/dags/gas_pipeline_dag_OLD.py took 0.070 seconds
[2026-05-10T13:00:07.896+0000] {processor.py:161} INFO - Started process (PID=1139) to work on /opt/airflow/dags/gas_pipeline_dag_OLD.py
[2026-05-10T13:00:07.897+0000] {processor.py:830} INFO - Processing file /opt/airflow/dags/gas_pipeline_dag_OLD.py for tasks to queue
[2026-05-10T13:00:07.899+0000] {logging_mixin.py:188} INFO - [2026-05-10T13:00:07.899+0000] {dagbag.py:545} INFO - Filling up the DagBag from /opt/airflow/dags/gas_pipeline_dag_OLD.py
[2026-05-10T13:00:07.914+0000] {processor.py:840} INFO - DAG(s) 'gas_iot_pipeline_v2' retrieved from /opt/airflow/dags/gas_pipeline_dag_OLD.py
[2026-05-10T13:00:07.996+0000] {logging_mixin.py:188} INFO - [2026-05-10T13:00:07.996+0000] {dag.py:3096} INFO - Sync 1 DAGs
[2026-05-10T13:00:08.012+0000] {logging_mixin.py:188} INFO - [2026-05-10T13:00:08.012+0000] {dag.py:3954} INFO - Setting next_dagrun for gas_iot_pipeline_v2 to 2026-05-10 00:00:00+00:00, run_after=2026-05-11 00:00:00+00:00
[2026-05-10T13:00:08.026+0000] {processor.py:183} INFO - Processing /opt/airflow/dags/gas_pipeline_dag_OLD.py took 0.135 seconds
[2026-05-10T13:00:38.216+0000] {processor.py:161} INFO - Started process (PID=1159) to work on /opt/airflow/dags/gas_pipeline_dag_OLD.py
[2026-05-10T13:00:38.219+0000] {processor.py:830} INFO - Processing file /opt/airflow/dags/gas_pipeline_dag_OLD.py for tasks to queue
[2026-05-10T13:00:38.221+0000] {logging_mixin.py:188} INFO - [2026-05-10T13:00:38.220+0000] {dagbag.py:545} INFO - Filling up the DagBag from /opt/airflow/dags/gas_pipeline_dag_OLD.py
[2026-05-10T13:00:38.235+0000] {processor.py:840} INFO - DAG(s) 'gas_iot_pipeline_v2' retrieved from /opt/airflow/dags/gas_pipeline_dag_OLD.py
[2026-05-10T13:00:38.258+0000] {logging_mixin.py:188} INFO - [2026-05-10T13:00:38.258+0000] {dag.py:3096} INFO - Sync 1 DAGs
[2026-05-10T13:00:38.276+0000] {logging_mixin.py:188} INFO - [2026-05-10T13:00:38.276+0000] {dag.py:3954} INFO - Setting next_dagrun for gas_iot_pipeline_v2 to 2026-05-10 00:00:00+00:00, run_after=2026-05-11 00:00:00+00:00
[2026-05-10T13:00:38.289+0000] {processor.py:183} INFO - Processing /opt/airflow/dags/gas_pipeline_dag_OLD.py took 0.078 seconds
[2026-05-10T13:01:08.537+0000] {processor.py:161} INFO - Started process (PID=1179) to work on /opt/airflow/dags/gas_pipeline_dag_OLD.py
[2026-05-10T13:01:08.538+0000] {processor.py:830} INFO - Processing file /opt/airflow/dags/gas_pipeline_dag_OLD.py for tasks to queue
[2026-05-10T13:01:08.539+0000] {logging_mixin.py:188} INFO - [2026-05-10T13:01:08.539+0000] {dagbag.py:545} INFO - Filling up the DagBag from /opt/airflow/dags/gas_pipeline_dag_OLD.py
[2026-05-10T13:01:08.551+0000] {processor.py:840} INFO - DAG(s) 'gas_iot_pipeline_v2' retrieved from /opt/airflow/dags/gas_pipeline_dag_OLD.py
[2026-05-10T13:01:08.562+0000] {logging_mixin.py:188} INFO - [2026-05-10T13:01:08.562+0000] {dag.py:3096} INFO - Sync 1 DAGs
[2026-05-10T13:01:08.581+0000] {logging_mixin.py:188} INFO - [2026-05-10T13:01:08.581+0000] {dag.py:3954} INFO - Setting next_dagrun for gas_iot_pipeline_v2 to 2026-05-10 00:00:00+00:00, run_after=2026-05-11 00:00:00+00:00
[2026-05-10T13:01:08.596+0000] {processor.py:183} INFO - Processing /opt/airflow/dags/gas_pipeline_dag_OLD.py took 0.063 seconds
[2026-05-10T13:01:38.900+0000] {processor.py:161} INFO - Started process (PID=1199) to work on /opt/airflow/dags/gas_pipeline_dag_OLD.py
[2026-05-10T13:01:38.902+0000] {processor.py:830} INFO - Processing file /opt/airflow/dags/gas_pipeline_dag_OLD.py for tasks to queue
[2026-05-10T13:01:38.903+0000] {logging_mixin.py:188} INFO - [2026-05-10T13:01:38.903+0000] {dagbag.py:545} INFO - Filling up the DagBag from /opt/airflow/dags/gas_pipeline_dag_OLD.py
[2026-05-10T13:01:38.916+0000] {processor.py:840} INFO - DAG(s) 'gas_iot_pipeline_v2' retrieved from /opt/airflow/dags/gas_pipeline_dag_OLD.py
[2026-05-10T13:01:38.927+0000] {logging_mixin.py:188} INFO - [2026-05-10T13:01:38.927+0000] {dag.py:3096} INFO - Sync 1 DAGs
[2026-05-10T13:01:38.945+0000] {logging_mixin.py:188} INFO - [2026-05-10T13:01:38.945+0000] {dag.py:3954} INFO - Setting next_dagrun for gas_iot_pipeline_v2 to 2026-05-10 00:00:00+00:00, run_after=2026-05-11 00:00:00+00:00
[2026-05-10T13:01:38.960+0000] {processor.py:183} INFO - Processing /opt/airflow/dags/gas_pipeline_dag_OLD.py took 0.064 seconds
[2026-05-10T13:02:09.223+0000] {processor.py:161} INFO - Started process (PID=1219) to work on /opt/airflow/dags/gas_pipeline_dag_OLD.py
[2026-05-10T13:02:09.224+0000] {processor.py:830} INFO - Processing file /opt/airflow/dags/gas_pipeline_dag_OLD.py for tasks to queue
[2026-05-10T13:02:09.225+0000] {logging_mixin.py:188} INFO - [2026-05-10T13:02:09.225+0000] {dagbag.py:545} INFO - Filling up the DagBag from /opt/airflow/dags/gas_pipeline_dag_OLD.py
[2026-05-10T13:02:09.238+0000] {processor.py:840} INFO - DAG(s) 'gas_iot_pipeline_v2' retrieved from /opt/airflow/dags/gas_pipeline_dag_OLD.py
[2026-05-10T13:02:09.249+0000] {logging_mixin.py:188} INFO - [2026-05-10T13:02:09.249+0000] {dag.py:3096} INFO - Sync 1 DAGs
[2026-05-10T13:02:09.268+0000] {logging_mixin.py:188} INFO - [2026-05-10T13:02:09.268+0000] {dag.py:3954} INFO - Setting next_dagrun for gas_iot_pipeline_v2 to 2026-05-10 00:00:00+00:00, run_after=2026-05-11 00:00:00+00:00
[2026-05-10T13:02:09.284+0000] {processor.py:183} INFO - Processing /opt/airflow/dags/gas_pipeline_dag_OLD.py took 0.065 seconds
[2026-05-10T13:02:39.525+0000] {processor.py:161} INFO - Started process (PID=1239) to work on /opt/airflow/dags/gas_pipeline_dag_OLD.py
[2026-05-10T13:02:39.526+0000] {processor.py:830} INFO - Processing file /opt/airflow/dags/gas_pipeline_dag_OLD.py for tasks to queue
[2026-05-10T13:02:39.528+0000] {logging_mixin.py:188} INFO - [2026-05-10T13:02:39.528+0000] {dagbag.py:545} INFO - Filling up the DagBag from /opt/airflow/dags/gas_pipeline_dag_OLD.py
[2026-05-10T13:02:39.542+0000] {processor.py:840} INFO - DAG(s) 'gas_iot_pipeline_v2' retrieved from /opt/airflow/dags/gas_pipeline_dag_OLD.py
[2026-05-10T13:02:39.625+0000] {logging_mixin.py:188} INFO - [2026-05-10T13:02:39.625+0000] {dag.py:3096} INFO - Sync 1 DAGs
[2026-05-10T13:02:39.643+0000] {logging_mixin.py:188} INFO - [2026-05-10T13:02:39.642+0000] {dag.py:3954} INFO - Setting next_dagrun for gas_iot_pipeline_v2 to 2026-05-10 00:00:00+00:00, run_after=2026-05-11 00:00:00+00:00
[2026-05-10T13:02:39.662+0000] {processor.py:183} INFO - Processing /opt/airflow/dags/gas_pipeline_dag_OLD.py took 0.142 seconds
[2026-05-10T13:03:09.901+0000] {processor.py:161} INFO - Started process (PID=1259) to work on /opt/airflow/dags/gas_pipeline_dag_OLD.py
[2026-05-10T13:03:09.902+0000] {processor.py:830} INFO - Processing file /opt/airflow/dags/gas_pipeline_dag_OLD.py for tasks to queue
[2026-05-10T13:03:09.904+0000] {logging_mixin.py:188} INFO - [2026-05-10T13:03:09.904+0000] {dagbag.py:545} INFO - Filling up the DagBag from /opt/airflow/dags/gas_pipeline_dag_OLD.py
[2026-05-10T13:03:09.919+0000] {processor.py:840} INFO - DAG(s) 'gas_iot_pipeline_v2' retrieved from /opt/airflow/dags/gas_pipeline_dag_OLD.py
[2026-05-10T13:03:09.943+0000] {logging_mixin.py:188} INFO - [2026-05-10T13:03:09.942+0000] {dag.py:3096} INFO - Sync 1 DAGs
[2026-05-10T13:03:09.960+0000] {logging_mixin.py:188} INFO - [2026-05-10T13:03:09.960+0000] {dag.py:3954} INFO - Setting next_dagrun for gas_iot_pipeline_v2 to 2026-05-10 00:00:00+00:00, run_after=2026-05-11 00:00:00+00:00
[2026-05-10T13:03:09.988+0000] {processor.py:183} INFO - Processing /opt/airflow/dags/gas_pipeline_dag_OLD.py took 0.092 seconds
[2026-05-10T13:03:40.229+0000] {processor.py:161} INFO - Started process (PID=1279) to work on /opt/airflow/dags/gas_pipeline_dag_OLD.py
[2026-05-10T13:03:40.230+0000] {processor.py:830} INFO - Processing file /opt/airflow/dags/gas_pipeline_dag_OLD.py for tasks to queue
[2026-05-10T13:03:40.231+0000] {logging_mixin.py:188} INFO - [2026-05-10T13:03:40.231+0000] {dagbag.py:545} INFO - Filling up the DagBag from /opt/airflow/dags/gas_pipeline_dag_OLD.py
[2026-05-10T13:03:40.246+0000] {processor.py:840} INFO - DAG(s) 'gas_iot_pipeline_v2' retrieved from /opt/airflow/dags/gas_pipeline_dag_OLD.py
[2026-05-10T13:03:40.257+0000] {logging_mixin.py:188} INFO - [2026-05-10T13:03:40.256+0000] {dag.py:3096} INFO - Sync 1 DAGs
[2026-05-10T13:03:40.275+0000] {logging_mixin.py:188} INFO - [2026-05-10T13:03:40.275+0000] {dag.py:3954} INFO - Setting next_dagrun for gas_iot_pipeline_v2 to 2026-05-10 00:00:00+00:00, run_after=2026-05-11 00:00:00+00:00
[2026-05-10T13:03:40.288+0000] {processor.py:183} INFO - Processing /opt/airflow/dags/gas_pipeline_dag_OLD.py took 0.063 seconds
[2026-05-10T13:04:10.457+0000] {processor.py:161} INFO - Started process (PID=1299) to work on /opt/airflow/dags/gas_pipeline_dag_OLD.py
[2026-05-10T13:04:10.459+0000] {processor.py:830} INFO - Processing file /opt/airflow/dags/gas_pipeline_dag_OLD.py for tasks to queue
[2026-05-10T13:04:10.461+0000] {logging_mixin.py:188} INFO - [2026-05-10T13:04:10.460+0000] {dagbag.py:545} INFO - Filling up the DagBag from /opt/airflow/dags/gas_pipeline_dag_OLD.py
[2026-05-10T13:04:10.476+0000] {processor.py:840} INFO - DAG(s) 'gas_iot_pipeline_v2' retrieved from /opt/airflow/dags/gas_pipeline_dag_OLD.py
[2026-05-10T13:04:10.487+0000] {logging_mixin.py:188} INFO - [2026-05-10T13:04:10.487+0000] {dag.py:3096} INFO - Sync 1 DAGs
[2026-05-10T13:04:10.509+0000] {logging_mixin.py:188} INFO - [2026-05-10T13:04:10.509+0000] {dag.py:3954} INFO - Setting next_dagrun for gas_iot_pipeline_v2 to 2026-05-10 00:00:00+00:00, run_after=2026-05-11 00:00:00+00:00
[2026-05-10T13:04:10.526+0000] {processor.py:183} INFO - Processing /opt/airflow/dags/gas_pipeline_dag_OLD.py took 0.073 seconds
[2026-05-10T13:04:40.774+0000] {processor.py:161} INFO - Started process (PID=1319) to work on /opt/airflow/dags/gas_pipeline_dag_OLD.py
[2026-05-10T13:04:40.775+0000] {processor.py:830} INFO - Processing file /opt/airflow/dags/gas_pipeline_dag_OLD.py for tasks to queue
[2026-05-10T13:04:40.777+0000] {logging_mixin.py:188} INFO - [2026-05-10T13:04:40.777+0000] {dagbag.py:545} INFO - Filling up the DagBag from /opt/airflow/dags/gas_pipeline_dag_OLD.py
[2026-05-10T13:04:40.790+0000] {processor.py:840} INFO - DAG(s) 'gas_iot_pipeline_v2' retrieved from /opt/airflow/dags/gas_pipeline_dag_OLD.py
[2026-05-10T13:04:40.800+0000] {logging_mixin.py:188} INFO - [2026-05-10T13:04:40.800+0000] {dag.py:3096} INFO - Sync 1 DAGs
[2026-05-10T13:04:40.818+0000] {logging_mixin.py:188} INFO - [2026-05-10T13:04:40.818+0000] {dag.py:3954} INFO - Setting next_dagrun for gas_iot_pipeline_v2 to 2026-05-10 00:00:00+00:00, run_after=2026-05-11 00:00:00+00:00
[2026-05-10T13:04:40.833+0000] {processor.py:183} INFO - Processing /opt/airflow/dags/gas_pipeline_dag_OLD.py took 0.064 seconds
[2026-05-10T13:05:11.070+0000] {processor.py:161} INFO - Started process (PID=1339) to work on /opt/airflow/dags/gas_pipeline_dag_OLD.py
[2026-05-10T13:05:11.071+0000] {processor.py:830} INFO - Processing file /opt/airflow/dags/gas_pipeline_dag_OLD.py for tasks to queue
[2026-05-10T13:05:11.073+0000] {logging_mixin.py:188} INFO - [2026-05-10T13:05:11.072+0000] {dagbag.py:545} INFO - Filling up the DagBag from /opt/airflow/dags/gas_pipeline_dag_OLD.py
[2026-05-10T13:05:11.085+0000] {processor.py:840} INFO - DAG(s) 'gas_iot_pipeline_v2' retrieved from /opt/airflow/dags/gas_pipeline_dag_OLD.py
[2026-05-10T13:05:11.160+0000] {logging_mixin.py:188} INFO - [2026-05-10T13:05:11.159+0000] {dag.py:3096} INFO - Sync 1 DAGs
[2026-05-10T13:05:11.174+0000] {logging_mixin.py:188} INFO - [2026-05-10T13:05:11.174+0000] {dag.py:3954} INFO - Setting next_dagrun for gas_iot_pipeline_v2 to 2026-05-10 00:00:00+00:00, run_after=2026-05-11 00:00:00+00:00
[2026-05-10T13:05:11.188+0000] {processor.py:183} INFO - Processing /opt/airflow/dags/gas_pipeline_dag_OLD.py took 0.122 seconds
[2026-05-10T13:05:41.349+0000] {processor.py:161} INFO - Started process (PID=1359) to work on /opt/airflow/dags/gas_pipeline_dag_OLD.py
[2026-05-10T13:05:41.350+0000] {processor.py:830} INFO - Processing file /opt/airflow/dags/gas_pipeline_dag_OLD.py for tasks to queue
[2026-05-10T13:05:41.352+0000] {logging_mixin.py:188} INFO - [2026-05-10T13:05:41.352+0000] {dagbag.py:545} INFO - Filling up the DagBag from /opt/airflow/dags/gas_pipeline_dag_OLD.py
[2026-05-10T13:05:41.367+0000] {processor.py:840} INFO - DAG(s) 'gas_iot_pipeline_v2' retrieved from /opt/airflow/dags/gas_pipeline_dag_OLD.py
[2026-05-10T13:05:41.392+0000] {logging_mixin.py:188} INFO - [2026-05-10T13:05:41.391+0000] {dag.py:3096} INFO - Sync 1 DAGs
[2026-05-10T13:05:41.411+0000] {logging_mixin.py:188} INFO - [2026-05-10T13:05:41.411+0000] {dag.py:3954} INFO - Setting next_dagrun for gas_iot_pipeline_v2 to 2026-05-10 00:00:00+00:00, run_after=2026-05-11 00:00:00+00:00
[2026-05-10T13:05:41.439+0000] {processor.py:183} INFO - Processing /opt/airflow/dags/gas_pipeline_dag_OLD.py took 0.094 seconds
[2026-05-10T13:06:11.685+0000] {processor.py:161} INFO - Started process (PID=1379) to work on /opt/airflow/dags/gas_pipeline_dag_OLD.py
[2026-05-10T13:06:11.686+0000] {processor.py:830} INFO - Processing file /opt/airflow/dags/gas_pipeline_dag_OLD.py for tasks to queue
[2026-05-10T13:06:11.688+0000] {logging_mixin.py:188} INFO - [2026-05-10T13:06:11.688+0000] {dagbag.py:545} INFO - Filling up the DagBag from /opt/airflow/dags/gas_pipeline_dag_OLD.py
[2026-05-10T13:06:11.702+0000] {processor.py:840} INFO - DAG(s) 'gas_iot_pipeline_v2' retrieved from /opt/airflow/dags/gas_pipeline_dag_OLD.py
[2026-05-10T13:06:11.714+0000] {logging_mixin.py:188} INFO - [2026-05-10T13:06:11.714+0000] {dag.py:3096} INFO - Sync 1 DAGs
[2026-05-10T13:06:11.734+0000] {logging_mixin.py:188} INFO - [2026-05-10T13:06:11.734+0000] {dag.py:3954} INFO - Setting next_dagrun for gas_iot_pipeline_v2 to 2026-05-10 00:00:00+00:00, run_after=2026-05-11 00:00:00+00:00
[2026-05-10T13:06:11.750+0000] {processor.py:183} INFO - Processing /opt/airflow/dags/gas_pipeline_dag_OLD.py took 0.069 seconds
[2026-05-10T13:06:41.953+0000] {processor.py:161} INFO - Started process (PID=1399) to work on /opt/airflow/dags/gas_pipeline_dag_OLD.py
[2026-05-10T13:06:41.954+0000] {processor.py:830} INFO - Processing file /opt/airflow/dags/gas_pipeline_dag_OLD.py for tasks to queue
[2026-05-10T13:06:41.957+0000] {logging_mixin.py:188} INFO - [2026-05-10T13:06:41.957+0000] {dagbag.py:545} INFO - Filling up the DagBag from /opt/airflow/dags/gas_pipeline_dag_OLD.py
[2026-05-10T13:06:41.971+0000] {processor.py:840} INFO - DAG(s) 'gas_iot_pipeline_v2' retrieved from /opt/airflow/dags/gas_pipeline_dag_OLD.py
[2026-05-10T13:06:41.982+0000] {logging_mixin.py:188} INFO - [2026-05-10T13:06:41.982+0000] {dag.py:3096} INFO - Sync 1 DAGs
[2026-05-10T13:06:41.999+0000] {logging_mixin.py:188} INFO - [2026-05-10T13:06:41.999+0000] {dag.py:3954} INFO - Setting next_dagrun for gas_iot_pipeline_v2 to 2026-05-10 00:00:00+00:00, run_after=2026-05-11 00:00:00+00:00
[2026-05-10T13:06:42.027+0000] {processor.py:183} INFO - Processing /opt/airflow/dags/gas_pipeline_dag_OLD.py took 0.078 seconds
[2026-05-10T13:07:12.277+0000] {processor.py:161} INFO - Started process (PID=1419) to work on /opt/airflow/dags/gas_pipeline_dag_OLD.py
[2026-05-10T13:07:12.278+0000] {processor.py:830} INFO - Processing file /opt/airflow/dags/gas_pipeline_dag_OLD.py for tasks to queue
[2026-05-10T13:07:12.279+0000] {logging_mixin.py:188} INFO - [2026-05-10T13:07:12.279+0000] {dagbag.py:545} INFO - Filling up the DagBag from /opt/airflow/dags/gas_pipeline_dag_OLD.py
[2026-05-10T13:07:12.293+0000] {processor.py:840} INFO - DAG(s) 'gas_iot_pipeline_v2' retrieved from /opt/airflow/dags/gas_pipeline_dag_OLD.py
[2026-05-10T13:07:12.304+0000] {logging_mixin.py:188} INFO - [2026-05-10T13:07:12.304+0000] {dag.py:3096} INFO - Sync 1 DAGs
[2026-05-10T13:07:12.322+0000] {logging_mixin.py:188} INFO - [2026-05-10T13:07:12.322+0000] {dag.py:3954} INFO - Setting next_dagrun for gas_iot_pipeline_v2 to 2026-05-10 00:00:00+00:00, run_after=2026-05-11 00:00:00+00:00
[2026-05-10T13:07:12.349+0000] {processor.py:183} INFO - Processing /opt/airflow/dags/gas_pipeline_dag_OLD.py took 0.076 seconds
[2026-05-10T13:07:42.596+0000] {processor.py:161} INFO - Started process (PID=1439) to work on /opt/airflow/dags/gas_pipeline_dag_OLD.py
[2026-05-10T13:07:42.597+0000] {processor.py:830} INFO - Processing file /opt/airflow/dags/gas_pipeline_dag_OLD.py for tasks to queue
[2026-05-10T13:07:42.598+0000] {logging_mixin.py:188} INFO - [2026-05-10T13:07:42.598+0000] {dagbag.py:545} INFO - Filling up the DagBag from /opt/airflow/dags/gas_pipeline_dag_OLD.py
[2026-05-10T13:07:42.612+0000] {processor.py:840} INFO - DAG(s) 'gas_iot_pipeline_v2' retrieved from /opt/airflow/dags/gas_pipeline_dag_OLD.py
[2026-05-10T13:07:42.689+0000] {logging_mixin.py:188} INFO - [2026-05-10T13:07:42.688+0000] {dag.py:3096} INFO - Sync 1 DAGs
[2026-05-10T13:07:42.705+0000] {logging_mixin.py:188} INFO - [2026-05-10T13:07:42.704+0000] {dag.py:3954} INFO - Setting next_dagrun for gas_iot_pipeline_v2 to 2026-05-10 00:00:00+00:00, run_after=2026-05-11 00:00:00+00:00
[2026-05-10T13:07:42.723+0000] {processor.py:183} INFO - Processing /opt/airflow/dags/gas_pipeline_dag_OLD.py took 0.131 seconds
[2026-05-10T13:08:12.829+0000] {processor.py:161} INFO - Started process (PID=1459) to work on /opt/airflow/dags/gas_pipeline_dag_OLD.py
[2026-05-10T13:08:12.830+0000] {processor.py:830} INFO - Processing file /opt/airflow/dags/gas_pipeline_dag_OLD.py for tasks to queue
[2026-05-10T13:08:12.832+0000] {logging_mixin.py:188} INFO - [2026-05-10T13:08:12.831+0000] {dagbag.py:545} INFO - Filling up the DagBag from /opt/airflow/dags/gas_pipeline_dag_OLD.py
[2026-05-10T13:08:12.849+0000] {processor.py:840} INFO - DAG(s) 'gas_iot_pipeline_v2' retrieved from /opt/airflow/dags/gas_pipeline_dag_OLD.py
[2026-05-10T13:08:12.875+0000] {logging_mixin.py:188} INFO - [2026-05-10T13:08:12.875+0000] {dag.py:3096} INFO - Sync 1 DAGs
[2026-05-10T13:08:12.893+0000] {logging_mixin.py:188} INFO - [2026-05-10T13:08:12.893+0000] {dag.py:3954} INFO - Setting next_dagrun for gas_iot_pipeline_v2 to 2026-05-10 00:00:00+00:00, run_after=2026-05-11 00:00:00+00:00
[2026-05-10T13:08:12.921+0000] {processor.py:183} INFO - Processing /opt/airflow/dags/gas_pipeline_dag_OLD.py took 0.097 seconds
[2026-05-10T13:08:43.162+0000] {processor.py:161} INFO - Started process (PID=1479) to work on /opt/airflow/dags/gas_pipeline_dag_OLD.py
[2026-05-10T13:08:43.163+0000] {processor.py:830} INFO - Processing file /opt/airflow/dags/gas_pipeline_dag_OLD.py for tasks to queue
[2026-05-10T13:08:43.164+0000] {logging_mixin.py:188} INFO - [2026-05-10T13:08:43.164+0000] {dagbag.py:545} INFO - Filling up the DagBag from /opt/airflow/dags/gas_pipeline_dag_OLD.py
[2026-05-10T13:08:43.177+0000] {processor.py:840} INFO - DAG(s) 'gas_iot_pipeline_v2' retrieved from /opt/airflow/dags/gas_pipeline_dag_OLD.py
[2026-05-10T13:08:43.188+0000] {logging_mixin.py:188} INFO - [2026-05-10T13:08:43.187+0000] {dag.py:3096} INFO - Sync 1 DAGs
[2026-05-10T13:08:43.207+0000] {logging_mixin.py:188} INFO - [2026-05-10T13:08:43.207+0000] {dag.py:3954} INFO - Setting next_dagrun for gas_iot_pipeline_v2 to 2026-05-10 00:00:00+00:00, run_after=2026-05-11 00:00:00+00:00
[2026-05-10T13:08:43.246+0000] {processor.py:183} INFO - Processing /opt/airflow/dags/gas_pipeline_dag_OLD.py took 0.089 seconds
[2026-05-10T13:09:13.412+0000] {processor.py:161} INFO - Started process (PID=1499) to work on /opt/airflow/dags/gas_pipeline_dag_OLD.py
[2026-05-10T13:09:13.414+0000] {processor.py:830} INFO - Processing file /opt/airflow/dags/gas_pipeline_dag_OLD.py for tasks to queue
[2026-05-10T13:09:13.415+0000] {logging_mixin.py:188} INFO - [2026-05-10T13:09:13.415+0000] {dagbag.py:545} INFO - Filling up the DagBag from /opt/airflow/dags/gas_pipeline_dag_OLD.py
[2026-05-10T13:09:13.428+0000] {processor.py:840} INFO - DAG(s) 'gas_iot_pipeline_v2' retrieved from /opt/airflow/dags/gas_pipeline_dag_OLD.py
[2026-05-10T13:09:13.438+0000] {logging_mixin.py:188} INFO - [2026-05-10T13:09:13.438+0000] {dag.py:3096} INFO - Sync 1 DAGs
[2026-05-10T13:09:13.455+0000] {logging_mixin.py:188} INFO - [2026-05-10T13:09:13.454+0000] {dag.py:3954} INFO - Setting next_dagrun for gas_iot_pipeline_v2 to 2026-05-10 00:00:00+00:00, run_after=2026-05-11 00:00:00+00:00
[2026-05-10T13:09:13.471+0000] {processor.py:183} INFO - Processing /opt/airflow/dags/gas_pipeline_dag_OLD.py took 0.064 seconds
[2026-05-10T13:09:43.724+0000] {processor.py:161} INFO - Started process (PID=1519) to work on /opt/airflow/dags/gas_pipeline_dag_OLD.py
[2026-05-10T13:09:43.726+0000] {processor.py:830} INFO - Processing file /opt/airflow/dags/gas_pipeline_dag_OLD.py for tasks to queue
[2026-05-10T13:09:43.728+0000] {logging_mixin.py:188} INFO - [2026-05-10T13:09:43.728+0000] {dagbag.py:545} INFO - Filling up the DagBag from /opt/airflow/dags/gas_pipeline_dag_OLD.py
[2026-05-10T13:09:43.741+0000] {processor.py:840} INFO - DAG(s) 'gas_iot_pipeline_v2' retrieved from /opt/airflow/dags/gas_pipeline_dag_OLD.py
[2026-05-10T13:09:43.752+0000] {logging_mixin.py:188} INFO - [2026-05-10T13:09:43.752+0000] {dag.py:3096} INFO - Sync 1 DAGs
[2026-05-10T13:09:43.770+0000] {logging_mixin.py:188} INFO - [2026-05-10T13:09:43.770+0000] {dag.py:3954} INFO - Setting next_dagrun for gas_iot_pipeline_v2 to 2026-05-10 00:00:00+00:00, run_after=2026-05-11 00:00:00+00:00
[2026-05-10T13:09:43.798+0000] {processor.py:183} INFO - Processing /opt/airflow/dags/gas_pipeline_dag_OLD.py took 0.078 seconds
[2026-05-10T13:10:14.031+0000] {processor.py:161} INFO - Started process (PID=1539) to work on /opt/airflow/dags/gas_pipeline_dag_OLD.py
[2026-05-10T13:10:14.032+0000] {processor.py:830} INFO - Processing file /opt/airflow/dags/gas_pipeline_dag_OLD.py for tasks to queue
[2026-05-10T13:10:14.034+0000] {logging_mixin.py:188} INFO - [2026-05-10T13:10:14.034+0000] {dagbag.py:545} INFO - Filling up the DagBag from /opt/airflow/dags/gas_pipeline_dag_OLD.py
[2026-05-10T13:10:14.046+0000] {processor.py:840} INFO - DAG(s) 'gas_iot_pipeline_v2' retrieved from /opt/airflow/dags/gas_pipeline_dag_OLD.py
[2026-05-10T13:10:14.127+0000] {logging_mixin.py:188} INFO - [2026-05-10T13:10:14.127+0000] {dag.py:3096} INFO - Sync 1 DAGs
[2026-05-10T13:10:14.143+0000] {logging_mixin.py:188} INFO - [2026-05-10T13:10:14.143+0000] {dag.py:3954} INFO - Setting next_dagrun for gas_iot_pipeline_v2 to 2026-05-10 00:00:00+00:00, run_after=2026-05-11 00:00:00+00:00
[2026-05-10T13:10:14.161+0000] {processor.py:183} INFO - Processing /opt/airflow/dags/gas_pipeline_dag_OLD.py took 0.134 seconds
[2026-05-10T13:10:44.286+0000] {processor.py:161} INFO - Started process (PID=1559) to work on /opt/airflow/dags/gas_pipeline_dag_OLD.py
[2026-05-10T13:10:44.287+0000] {processor.py:830} INFO - Processing file /opt/airflow/dags/gas_pipeline_dag_OLD.py for tasks to queue
[2026-05-10T13:10:44.289+0000] {logging_mixin.py:188} INFO - [2026-05-10T13:10:44.289+0000] {dagbag.py:545} INFO - Filling up the DagBag from /opt/airflow/dags/gas_pipeline_dag_OLD.py
[2026-05-10T13:10:44.302+0000] {processor.py:840} INFO - DAG(s) 'gas_iot_pipeline_v2' retrieved from /opt/airflow/dags/gas_pipeline_dag_OLD.py
[2026-05-10T13:10:44.324+0000] {logging_mixin.py:188} INFO - [2026-05-10T13:10:44.324+0000] {dag.py:3096} INFO - Sync 1 DAGs
[2026-05-10T13:10:44.343+0000] {logging_mixin.py:188} INFO - [2026-05-10T13:10:44.343+0000] {dag.py:3954} INFO - Setting next_dagrun for gas_iot_pipeline_v2 to 2026-05-10 00:00:00+00:00, run_after=2026-05-11 00:00:00+00:00
[2026-05-10T13:10:44.357+0000] {processor.py:183} INFO - Processing /opt/airflow/dags/gas_pipeline_dag_OLD.py took 0.075 seconds
[2026-05-10T13:11:14.583+0000] {processor.py:161} INFO - Started process (PID=1579) to work on /opt/airflow/dags/gas_pipeline_dag_OLD.py
[2026-05-10T13:11:14.584+0000] {processor.py:830} INFO - Processing file /opt/airflow/dags/gas_pipeline_dag_OLD.py for tasks to queue
[2026-05-10T13:11:14.585+0000] {logging_mixin.py:188} INFO - [2026-05-10T13:11:14.585+0000] {dagbag.py:545} INFO - Filling up the DagBag from /opt/airflow/dags/gas_pipeline_dag_OLD.py
[2026-05-10T13:11:14.600+0000] {processor.py:840} INFO - DAG(s) 'gas_iot_pipeline_v2' retrieved from /opt/airflow/dags/gas_pipeline_dag_OLD.py
[2026-05-10T13:11:14.611+0000] {logging_mixin.py:188} INFO - [2026-05-10T13:11:14.611+0000] {dag.py:3096} INFO - Sync 1 DAGs
[2026-05-10T13:11:14.631+0000] {logging_mixin.py:188} INFO - [2026-05-10T13:11:14.630+0000] {dag.py:3954} INFO - Setting next_dagrun for gas_iot_pipeline_v2 to 2026-05-10 00:00:00+00:00, run_after=2026-05-11 00:00:00+00:00
[2026-05-10T13:11:14.647+0000] {processor.py:183} INFO - Processing /opt/airflow/dags/gas_pipeline_dag_OLD.py took 0.069 seconds
[2026-05-10T13:11:44.810+0000] {processor.py:161} INFO - Started process (PID=1599) to work on /opt/airflow/dags/gas_pipeline_dag_OLD.py
[2026-05-10T13:11:44.811+0000] {processor.py:830} INFO - Processing file /opt/airflow/dags/gas_pipeline_dag_OLD.py for tasks to queue
[2026-05-10T13:11:44.813+0000] {logging_mixin.py:188} INFO - [2026-05-10T13:11:44.813+0000] {dagbag.py:545} INFO - Filling up the DagBag from /opt/airflow/dags/gas_pipeline_dag_OLD.py
[2026-05-10T13:11:44.826+0000] {processor.py:840} INFO - DAG(s) 'gas_iot_pipeline_v2' retrieved from /opt/airflow/dags/gas_pipeline_dag_OLD.py
[2026-05-10T13:11:44.837+0000] {logging_mixin.py:188} INFO - [2026-05-10T13:11:44.837+0000] {dag.py:3096} INFO - Sync 1 DAGs
[2026-05-10T13:11:44.854+0000] {logging_mixin.py:188} INFO - [2026-05-10T13:11:44.853+0000] {dag.py:3954} INFO - Setting next_dagrun for gas_iot_pipeline_v2 to 2026-05-10 00:00:00+00:00, run_after=2026-05-11 00:00:00+00:00
[2026-05-10T13:11:44.867+0000] {processor.py:183} INFO - Processing /opt/airflow/dags/gas_pipeline_dag_OLD.py took 0.061 seconds
[2026-05-10T13:12:15.125+0000] {processor.py:161} INFO - Started process (PID=1619) to work on /opt/airflow/dags/gas_pipeline_dag_OLD.py
[2026-05-10T13:12:15.126+0000] {processor.py:830} INFO - Processing file /opt/airflow/dags/gas_pipeline_dag_OLD.py for tasks to queue
[2026-05-10T13:12:15.128+0000] {logging_mixin.py:188} INFO - [2026-05-10T13:12:15.127+0000] {dagbag.py:545} INFO - Filling up the DagBag from /opt/airflow/dags/gas_pipeline_dag_OLD.py
[2026-05-10T13:12:15.141+0000] {processor.py:840} INFO - DAG(s) 'gas_iot_pipeline_v2' retrieved from /opt/airflow/dags/gas_pipeline_dag_OLD.py
[2026-05-10T13:12:15.153+0000] {logging_mixin.py:188} INFO - [2026-05-10T13:12:15.153+0000] {dag.py:3096} INFO - Sync 1 DAGs
[2026-05-10T13:12:15.174+0000] {logging_mixin.py:188} INFO - [2026-05-10T13:12:15.173+0000] {dag.py:3954} INFO - Setting next_dagrun for gas_iot_pipeline_v2 to 2026-05-10 00:00:00+00:00, run_after=2026-05-11 00:00:00+00:00
[2026-05-10T13:12:15.190+0000] {processor.py:183} INFO - Processing /opt/airflow/dags/gas_pipeline_dag_OLD.py took 0.070 seconds
[2026-05-10T13:12:45.433+0000] {processor.py:161} INFO - Started process (PID=1639) to work on /opt/airflow/dags/gas_pipeline_dag_OLD.py
[2026-05-10T13:12:45.434+0000] {processor.py:830} INFO - Processing file /opt/airflow/dags/gas_pipeline_dag_OLD.py for tasks to queue
[2026-05-10T13:12:45.436+0000] {logging_mixin.py:188} INFO - [2026-05-10T13:12:45.436+0000] {dagbag.py:545} INFO - Filling up the DagBag from /opt/airflow/dags/gas_pipeline_dag_OLD.py
[2026-05-10T13:12:45.452+0000] {processor.py:840} INFO - DAG(s) 'gas_iot_pipeline_v2' retrieved from /opt/airflow/dags/gas_pipeline_dag_OLD.py
[2026-05-10T13:12:45.544+0000] {logging_mixin.py:188} INFO - [2026-05-10T13:12:45.544+0000] {dag.py:3096} INFO - Sync 1 DAGs
[2026-05-10T13:12:45.562+0000] {logging_mixin.py:188} INFO - [2026-05-10T13:12:45.561+0000] {dag.py:3954} INFO - Setting next_dagrun for gas_iot_pipeline_v2 to 2026-05-10 00:00:00+00:00, run_after=2026-05-11 00:00:00+00:00
[2026-05-10T13:12:45.580+0000] {processor.py:183} INFO - Processing /opt/airflow/dags/gas_pipeline_dag_OLD.py took 0.151 seconds
[2026-05-10T13:13:15.687+0000] {processor.py:161} INFO - Started process (PID=1659) to work on /opt/airflow/dags/gas_pipeline_dag_OLD.py
[2026-05-10T13:13:15.688+0000] {processor.py:830} INFO - Processing file /opt/airflow/dags/gas_pipeline_dag_OLD.py for tasks to queue
[2026-05-10T13:13:15.689+0000] {logging_mixin.py:188} INFO - [2026-05-10T13:13:15.689+0000] {dagbag.py:545} INFO - Filling up the DagBag from /opt/airflow/dags/gas_pipeline_dag_OLD.py
[2026-05-10T13:13:15.701+0000] {processor.py:840} INFO - DAG(s) 'gas_iot_pipeline_v2' retrieved from /opt/airflow/dags/gas_pipeline_dag_OLD.py
[2026-05-10T13:13:15.723+0000] {logging_mixin.py:188} INFO - [2026-05-10T13:13:15.723+0000] {dag.py:3096} INFO - Sync 1 DAGs
[2026-05-10T13:13:15.740+0000] {logging_mixin.py:188} INFO - [2026-05-10T13:13:15.740+0000] {dag.py:3954} INFO - Setting next_dagrun for gas_iot_pipeline_v2 to 2026-05-10 00:00:00+00:00, run_after=2026-05-11 00:00:00+00:00
[2026-05-10T13:13:15.752+0000] {processor.py:183} INFO - Processing /opt/airflow/dags/gas_pipeline_dag_OLD.py took 0.069 seconds
[2026-05-10T13:13:45.976+0000] {processor.py:161} INFO - Started process (PID=1679) to work on /opt/airflow/dags/gas_pipeline_dag_OLD.py
[2026-05-10T13:13:45.977+0000] {processor.py:830} INFO - Processing file /opt/airflow/dags/gas_pipeline_dag_OLD.py for tasks to queue
[2026-05-10T13:13:45.979+0000] {logging_mixin.py:188} INFO - [2026-05-10T13:13:45.978+0000] {dagbag.py:545} INFO - Filling up the DagBag from /opt/airflow/dags/gas_pipeline_dag_OLD.py
[2026-05-10T13:13:45.992+0000] {processor.py:840} INFO - DAG(s) 'gas_iot_pipeline_v2' retrieved from /opt/airflow/dags/gas_pipeline_dag_OLD.py
[2026-05-10T13:13:46.003+0000] {logging_mixin.py:188} INFO - [2026-05-10T13:13:46.003+0000] {dag.py:3096} INFO - Sync 1 DAGs
[2026-05-10T13:13:46.022+0000] {logging_mixin.py:188} INFO - [2026-05-10T13:13:46.022+0000] {dag.py:3954} INFO - Setting next_dagrun for gas_iot_pipeline_v2 to 2026-05-10 00:00:00+00:00, run_after=2026-05-11 00:00:00+00:00
[2026-05-10T13:13:46.039+0000] {processor.py:183} INFO - Processing /opt/airflow/dags/gas_pipeline_dag_OLD.py took 0.068 seconds
[2026-05-10T13:14:16.231+0000] {processor.py:161} INFO - Started process (PID=1699) to work on /opt/airflow/dags/gas_pipeline_dag_OLD.py
[2026-05-10T13:14:16.232+0000] {processor.py:830} INFO - Processing file /opt/airflow/dags/gas_pipeline_dag_OLD.py for tasks to queue
[2026-05-10T13:14:16.233+0000] {logging_mixin.py:188} INFO - [2026-05-10T13:14:16.233+0000] {dagbag.py:545} INFO - Filling up the DagBag from /opt/airflow/dags/gas_pipeline_dag_OLD.py
[2026-05-10T13:14:16.245+0000] {processor.py:840} INFO - DAG(s) 'gas_iot_pipeline_v2' retrieved from /opt/airflow/dags/gas_pipeline_dag_OLD.py
[2026-05-10T13:14:16.256+0000] {logging_mixin.py:188} INFO - [2026-05-10T13:14:16.255+0000] {dag.py:3096} INFO - Sync 1 DAGs
[2026-05-10T13:14:16.273+0000] {logging_mixin.py:188} INFO - [2026-05-10T13:14:16.273+0000] {dag.py:3954} INFO - Setting next_dagrun for gas_iot_pipeline_v2 to 2026-05-10 00:00:00+00:00, run_after=2026-05-11 00:00:00+00:00
[2026-05-10T13:14:16.292+0000] {processor.py:183} INFO - Processing /opt/airflow/dags/gas_pipeline_dag_OLD.py took 0.065 seconds
[2026-05-10T13:14:46.532+0000] {processor.py:161} INFO - Started process (PID=1719) to work on /opt/airflow/dags/gas_pipeline_dag_OLD.py
[2026-05-10T13:14:46.533+0000] {processor.py:830} INFO - Processing file /opt/airflow/dags/gas_pipeline_dag_OLD.py for tasks to queue
[2026-05-10T13:14:46.535+0000] {logging_mixin.py:188} INFO - [2026-05-10T13:14:46.535+0000] {dagbag.py:545} INFO - Filling up the DagBag from /opt/airflow/dags/gas_pipeline_dag_OLD.py
[2026-05-10T13:14:46.547+0000] {processor.py:840} INFO - DAG(s) 'gas_iot_pipeline_v2' retrieved from /opt/airflow/dags/gas_pipeline_dag_OLD.py
[2026-05-10T13:14:46.558+0000] {logging_mixin.py:188} INFO - [2026-05-10T13:14:46.558+0000] {dag.py:3096} INFO - Sync 1 DAGs
[2026-05-10T13:14:46.577+0000] {logging_mixin.py:188} INFO - [2026-05-10T13:14:46.577+0000] {dag.py:3954} INFO - Setting next_dagrun for gas_iot_pipeline_v2 to 2026-05-10 00:00:00+00:00, run_after=2026-05-11 00:00:00+00:00
[2026-05-10T13:14:46.610+0000] {processor.py:183} INFO - Processing /opt/airflow/dags/gas_pipeline_dag_OLD.py took 0.082 seconds
[2026-05-10T13:15:16.775+0000] {processor.py:161} INFO - Started process (PID=1739) to work on /opt/airflow/dags/gas_pipeline_dag_OLD.py
[2026-05-10T13:15:16.777+0000] {processor.py:830} INFO - Processing file /opt/airflow/dags/gas_pipeline_dag_OLD.py for tasks to queue
[2026-05-10T13:15:16.778+0000] {logging_mixin.py:188} INFO - [2026-05-10T13:15:16.778+0000] {dagbag.py:545} INFO - Filling up the DagBag from /opt/airflow/dags/gas_pipeline_dag_OLD.py
[2026-05-10T13:15:16.792+0000] {processor.py:840} INFO - DAG(s) 'gas_iot_pipeline_v2' retrieved from /opt/airflow/dags/gas_pipeline_dag_OLD.py
[2026-05-10T13:15:16.874+0000] {logging_mixin.py:188} INFO - [2026-05-10T13:15:16.874+0000] {dag.py:3096} INFO - Sync 1 DAGs
[2026-05-10T13:15:16.890+0000] {logging_mixin.py:188} INFO - [2026-05-10T13:15:16.890+0000] {dag.py:3954} INFO - Setting next_dagrun for gas_iot_pipeline_v2 to 2026-05-10 00:00:00+00:00, run_after=2026-05-11 00:00:00+00:00
[2026-05-10T13:15:16.909+0000] {processor.py:183} INFO - Processing /opt/airflow/dags/gas_pipeline_dag_OLD.py took 0.139 seconds
[2026-05-10T13:15:47.193+0000] {processor.py:161} INFO - Started process (PID=1759) to work on /opt/airflow/dags/gas_pipeline_dag_OLD.py
[2026-05-10T13:15:47.194+0000] {processor.py:830} INFO - Processing file /opt/airflow/dags/gas_pipeline_dag_OLD.py for tasks to queue
[2026-05-10T13:15:47.195+0000] {logging_mixin.py:188} INFO - [2026-05-10T13:15:47.195+0000] {dagbag.py:545} INFO - Filling up the DagBag from /opt/airflow/dags/gas_pipeline_dag_OLD.py
[2026-05-10T13:15:47.207+0000] {processor.py:840} INFO - DAG(s) 'gas_iot_pipeline_v2' retrieved from /opt/airflow/dags/gas_pipeline_dag_OLD.py
[2026-05-10T13:15:47.228+0000] {logging_mixin.py:188} INFO - [2026-05-10T13:15:47.228+0000] {dag.py:3096} INFO - Sync 1 DAGs
[2026-05-10T13:15:47.245+0000] {logging_mixin.py:188} INFO - [2026-05-10T13:15:47.245+0000] {dag.py:3954} INFO - Setting next_dagrun for gas_iot_pipeline_v2 to 2026-05-10 00:00:00+00:00, run_after=2026-05-11 00:00:00+00:00
[2026-05-10T13:15:47.259+0000] {processor.py:183} INFO - Processing /opt/airflow/dags/gas_pipeline_dag_OLD.py took 0.070 seconds
[2026-05-10T13:16:17.481+0000] {processor.py:161} INFO - Started process (PID=1779) to work on /opt/airflow/dags/gas_pipeline_dag_OLD.py
[2026-05-10T13:16:17.483+0000] {processor.py:830} INFO - Processing file /opt/airflow/dags/gas_pipeline_dag_OLD.py for tasks to queue
[2026-05-10T13:16:17.484+0000] {logging_mixin.py:188} INFO - [2026-05-10T13:16:17.484+0000] {dagbag.py:545} INFO - Filling up the DagBag from /opt/airflow/dags/gas_pipeline_dag_OLD.py
[2026-05-10T13:16:17.497+0000] {processor.py:840} INFO - DAG(s) 'gas_iot_pipeline_v2' retrieved from /opt/airflow/dags/gas_pipeline_dag_OLD.py
[2026-05-10T13:16:17.507+0000] {logging_mixin.py:188} INFO - [2026-05-10T13:16:17.507+0000] {dag.py:3096} INFO - Sync 1 DAGs
[2026-05-10T13:16:17.526+0000] {logging_mixin.py:188} INFO - [2026-05-10T13:16:17.526+0000] {dag.py:3954} INFO - Setting next_dagrun for gas_iot_pipeline_v2 to 2026-05-10 00:00:00+00:00, run_after=2026-05-11 00:00:00+00:00
[2026-05-10T13:16:17.545+0000] {processor.py:183} INFO - Processing /opt/airflow/dags/gas_pipeline_dag_OLD.py took 0.068 seconds
[2026-05-10T13:16:47.729+0000] {processor.py:161} INFO - Started process (PID=1799) to work on /opt/airflow/dags/gas_pipeline_dag_OLD.py
[2026-05-10T13:16:47.731+0000] {processor.py:830} INFO - Processing file /opt/airflow/dags/gas_pipeline_dag_OLD.py for tasks to queue
[2026-05-10T13:16:47.732+0000] {logging_mixin.py:188} INFO - [2026-05-10T13:16:47.732+0000] {dagbag.py:545} INFO - Filling up the DagBag from /opt/airflow/dags/gas_pipeline_dag_OLD.py
[2026-05-10T13:16:47.747+0000] {processor.py:840} INFO - DAG(s) 'gas_iot_pipeline_v2' retrieved from /opt/airflow/dags/gas_pipeline_dag_OLD.py
[2026-05-10T13:16:47.758+0000] {logging_mixin.py:188} INFO - [2026-05-10T13:16:47.758+0000] {dag.py:3096} INFO - Sync 1 DAGs
[2026-05-10T13:16:47.776+0000] {logging_mixin.py:188} INFO - [2026-05-10T13:16:47.776+0000] {dag.py:3954} INFO - Setting next_dagrun for gas_iot_pipeline_v2 to 2026-05-10 00:00:00+00:00, run_after=2026-05-11 00:00:00+00:00
[2026-05-10T13:16:47.790+0000] {processor.py:183} INFO - Processing /opt/airflow/dags/gas_pipeline_dag_OLD.py took 0.065 seconds
[2026-05-10T13:17:18.062+0000] {processor.py:161} INFO - Started process (PID=1819) to work on /opt/airflow/dags/gas_pipeline_dag_OLD.py
[2026-05-10T13:17:18.064+0000] {processor.py:830} INFO - Processing file /opt/airflow/dags/gas_pipeline_dag_OLD.py for tasks to queue
[2026-05-10T13:17:18.066+0000] {logging_mixin.py:188} INFO - [2026-05-10T13:17:18.066+0000] {dagbag.py:545} INFO - Filling up the DagBag from /opt/airflow/dags/gas_pipeline_dag_OLD.py
[2026-05-10T13:17:18.081+0000] {processor.py:840} INFO - DAG(s) 'gas_iot_pipeline_v2' retrieved from /opt/airflow/dags/gas_pipeline_dag_OLD.py
[2026-05-10T13:17:18.095+0000] {logging_mixin.py:188} INFO - [2026-05-10T13:17:18.094+0000] {dag.py:3096} INFO - Sync 1 DAGs
[2026-05-10T13:17:18.119+0000] {logging_mixin.py:188} INFO - [2026-05-10T13:17:18.118+0000] {dag.py:3954} INFO - Setting next_dagrun for gas_iot_pipeline_v2 to 2026-05-10 00:00:00+00:00, run_after=2026-05-11 00:00:00+00:00
[2026-05-10T13:17:18.143+0000] {processor.py:183} INFO - Processing /opt/airflow/dags/gas_pipeline_dag_OLD.py took 0.086 seconds
[2026-05-10T13:17:48.373+0000] {processor.py:161} INFO - Started process (PID=1839) to work on /opt/airflow/dags/gas_pipeline_dag_OLD.py
[2026-05-10T13:17:48.375+0000] {processor.py:830} INFO - Processing file /opt/airflow/dags/gas_pipeline_dag_OLD.py for tasks to queue
[2026-05-10T13:17:48.377+0000] {logging_mixin.py:188} INFO - [2026-05-10T13:17:48.376+0000] {dagbag.py:545} INFO - Filling up the DagBag from /opt/airflow/dags/gas_pipeline_dag_OLD.py
[2026-05-10T13:17:48.390+0000] {processor.py:840} INFO - DAG(s) 'gas_iot_pipeline_v2' retrieved from /opt/airflow/dags/gas_pipeline_dag_OLD.py
[2026-05-10T13:17:48.595+0000] {logging_mixin.py:188} INFO - [2026-05-10T13:17:48.595+0000] {dag.py:3096} INFO - Sync 1 DAGs
[2026-05-10T13:17:48.610+0000] {logging_mixin.py:188} INFO - [2026-05-10T13:17:48.610+0000] {dag.py:3954} INFO - Setting next_dagrun for gas_iot_pipeline_v2 to 2026-05-10 00:00:00+00:00, run_after=2026-05-11 00:00:00+00:00
[2026-05-10T13:17:48.632+0000] {processor.py:183} INFO - Processing /opt/airflow/dags/gas_pipeline_dag_OLD.py took 0.264 seconds
[2026-05-10T13:18:18.722+0000] {processor.py:161} INFO - Started process (PID=1859) to work on /opt/airflow/dags/gas_pipeline_dag_OLD.py
[2026-05-10T13:18:18.723+0000] {processor.py:830} INFO - Processing file /opt/airflow/dags/gas_pipeline_dag_OLD.py for tasks to queue
[2026-05-10T13:18:18.725+0000] {logging_mixin.py:188} INFO - [2026-05-10T13:18:18.725+0000] {dagbag.py:545} INFO - Filling up the DagBag from /opt/airflow/dags/gas_pipeline_dag_OLD.py
[2026-05-10T13:18:18.738+0000] {processor.py:840} INFO - DAG(s) 'gas_iot_pipeline_v2' retrieved from /opt/airflow/dags/gas_pipeline_dag_OLD.py
[2026-05-10T13:18:18.761+0000] {logging_mixin.py:188} INFO - [2026-05-10T13:18:18.761+0000] {dag.py:3096} INFO - Sync 1 DAGs
[2026-05-10T13:18:18.780+0000] {logging_mixin.py:188} INFO - [2026-05-10T13:18:18.780+0000] {dag.py:3954} INFO - Setting next_dagrun for gas_iot_pipeline_v2 to 2026-05-10 00:00:00+00:00, run_after=2026-05-11 00:00:00+00:00
[2026-05-10T13:18:18.801+0000] {processor.py:183} INFO - Processing /opt/airflow/dags/gas_pipeline_dag_OLD.py took 0.083 seconds
[2026-05-10T13:18:49.056+0000] {processor.py:161} INFO - Started process (PID=1879) to work on /opt/airflow/dags/gas_pipeline_dag_OLD.py
[2026-05-10T13:18:49.057+0000] {processor.py:830} INFO - Processing file /opt/airflow/dags/gas_pipeline_dag_OLD.py for tasks to queue
[2026-05-10T13:18:49.059+0000] {logging_mixin.py:188} INFO - [2026-05-10T13:18:49.059+0000] {dagbag.py:545} INFO - Filling up the DagBag from /opt/airflow/dags/gas_pipeline_dag_OLD.py
[2026-05-10T13:18:49.072+0000] {processor.py:840} INFO - DAG(s) 'gas_iot_pipeline_v2' retrieved from /opt/airflow/dags/gas_pipeline_dag_OLD.py
[2026-05-10T13:18:49.083+0000] {logging_mixin.py:188} INFO - [2026-05-10T13:18:49.082+0000] {dag.py:3096} INFO - Sync 1 DAGs
[2026-05-10T13:18:49.101+0000] {logging_mixin.py:188} INFO - [2026-05-10T13:18:49.101+0000] {dag.py:3954} INFO - Setting next_dagrun for gas_iot_pipeline_v2 to 2026-05-10 00:00:00+00:00, run_after=2026-05-11 00:00:00+00:00
[2026-05-10T13:18:49.121+0000] {processor.py:183} INFO - Processing /opt/airflow/dags/gas_pipeline_dag_OLD.py took 0.069 seconds
[2026-05-10T13:19:19.289+0000] {processor.py:161} INFO - Started process (PID=1899) to work on /opt/airflow/dags/gas_pipeline_dag_OLD.py
[2026-05-10T13:19:19.291+0000] {processor.py:830} INFO - Processing file /opt/airflow/dags/gas_pipeline_dag_OLD.py for tasks to queue
[2026-05-10T13:19:19.293+0000] {logging_mixin.py:188} INFO - [2026-05-10T13:19:19.293+0000] {dagbag.py:545} INFO - Filling up the DagBag from /opt/airflow/dags/gas_pipeline_dag_OLD.py
[2026-05-10T13:19:19.306+0000] {processor.py:840} INFO - DAG(s) 'gas_iot_pipeline_v2' retrieved from /opt/airflow/dags/gas_pipeline_dag_OLD.py
[2026-05-10T13:19:19.318+0000] {logging_mixin.py:188} INFO - [2026-05-10T13:19:19.317+0000] {dag.py:3096} INFO - Sync 1 DAGs
[2026-05-10T13:19:19.334+0000] {logging_mixin.py:188} INFO - [2026-05-10T13:19:19.334+0000] {dag.py:3954} INFO - Setting next_dagrun for gas_iot_pipeline_v2 to 2026-05-10 00:00:00+00:00, run_after=2026-05-11 00:00:00+00:00
[2026-05-10T13:19:19.348+0000] {processor.py:183} INFO - Processing /opt/airflow/dags/gas_pipeline_dag_OLD.py took 0.063 seconds
[2026-05-10T13:19:49.619+0000] {processor.py:161} INFO - Started process (PID=1919) to work on /opt/airflow/dags/gas_pipeline_dag_OLD.py
[2026-05-10T13:19:49.620+0000] {processor.py:830} INFO - Processing file /opt/airflow/dags/gas_pipeline_dag_OLD.py for tasks to queue
[2026-05-10T13:19:49.621+0000] {logging_mixin.py:188} INFO - [2026-05-10T13:19:49.621+0000] {dagbag.py:545} INFO - Filling up the DagBag from /opt/airflow/dags/gas_pipeline_dag_OLD.py
[2026-05-10T13:19:49.633+0000] {processor.py:840} INFO - DAG(s) 'gas_iot_pipeline_v2' retrieved from /opt/airflow/dags/gas_pipeline_dag_OLD.py
[2026-05-10T13:19:49.644+0000] {logging_mixin.py:188} INFO - [2026-05-10T13:19:49.644+0000] {dag.py:3096} INFO - Sync 1 DAGs
[2026-05-10T13:19:49.661+0000] {logging_mixin.py:188} INFO - [2026-05-10T13:19:49.661+0000] {dag.py:3954} INFO - Setting next_dagrun for gas_iot_pipeline_v2 to 2026-05-10 00:00:00+00:00, run_after=2026-05-11 00:00:00+00:00
[2026-05-10T13:19:49.676+0000] {processor.py:183} INFO - Processing /opt/airflow/dags/gas_pipeline_dag_OLD.py took 0.062 seconds
[2026-05-10T13:20:19.918+0000] {processor.py:161} INFO - Started process (PID=1939) to work on /opt/airflow/dags/gas_pipeline_dag_OLD.py
[2026-05-10T13:20:19.920+0000] {processor.py:830} INFO - Processing file /opt/airflow/dags/gas_pipeline_dag_OLD.py for tasks to queue
[2026-05-10T13:20:19.922+0000] {logging_mixin.py:188} INFO - [2026-05-10T13:20:19.922+0000] {dagbag.py:545} INFO - Filling up the DagBag from /opt/airflow/dags/gas_pipeline_dag_OLD.py
[2026-05-10T13:20:19.935+0000] {processor.py:840} INFO - DAG(s) 'gas_iot_pipeline_v2' retrieved from /opt/airflow/dags/gas_pipeline_dag_OLD.py
[2026-05-10T13:20:20.131+0000] {logging_mixin.py:188} INFO - [2026-05-10T13:20:20.131+0000] {dag.py:3096} INFO - Sync 1 DAGs
[2026-05-10T13:20:20.145+0000] {logging_mixin.py:188} INFO - [2026-05-10T13:20:20.145+0000] {dag.py:3954} INFO - Setting next_dagrun for gas_iot_pipeline_v2 to 2026-05-10 00:00:00+00:00, run_after=2026-05-11 00:00:00+00:00
[2026-05-10T13:20:20.160+0000] {processor.py:183} INFO - Processing /opt/airflow/dags/gas_pipeline_dag_OLD.py took 0.246 seconds
[2026-05-10T13:20:50.224+0000] {processor.py:161} INFO - Started process (PID=1959) to work on /opt/airflow/dags/gas_pipeline_dag_OLD.py
[2026-05-10T13:20:50.225+0000] {processor.py:830} INFO - Processing file /opt/airflow/dags/gas_pipeline_dag_OLD.py for tasks to queue
[2026-05-10T13:20:50.227+0000] {logging_mixin.py:188} INFO - [2026-05-10T13:20:50.226+0000] {dagbag.py:545} INFO - Filling up the DagBag from /opt/airflow/dags/gas_pipeline_dag_OLD.py
[2026-05-10T13:20:50.240+0000] {processor.py:840} INFO - DAG(s) 'gas_iot_pipeline_v2' retrieved from /opt/airflow/dags/gas_pipeline_dag_OLD.py
[2026-05-10T13:20:50.264+0000] {logging_mixin.py:188} INFO - [2026-05-10T13:20:50.263+0000] {dag.py:3096} INFO - Sync 1 DAGs
[2026-05-10T13:20:50.283+0000] {logging_mixin.py:188} INFO - [2026-05-10T13:20:50.282+0000] {dag.py:3954} INFO - Setting next_dagrun for gas_iot_pipeline_v2 to 2026-05-10 00:00:00+00:00, run_after=2026-05-11 00:00:00+00:00
[2026-05-10T13:20:50.299+0000] {processor.py:183} INFO - Processing /opt/airflow/dags/gas_pipeline_dag_OLD.py took 0.080 seconds
[2026-05-10T13:21:20.566+0000] {processor.py:161} INFO - Started process (PID=1979) to work on /opt/airflow/dags/gas_pipeline_dag_OLD.py
[2026-05-10T13:21:20.567+0000] {processor.py:830} INFO - Processing file /opt/airflow/dags/gas_pipeline_dag_OLD.py for tasks to queue
[2026-05-10T13:21:20.569+0000] {logging_mixin.py:188} INFO - [2026-05-10T13:21:20.569+0000] {dagbag.py:545} INFO - Filling up the DagBag from /opt/airflow/dags/gas_pipeline_dag_OLD.py
[2026-05-10T13:21:20.584+0000] {processor.py:840} INFO - DAG(s) 'gas_iot_pipeline_v2' retrieved from /opt/airflow/dags/gas_pipeline_dag_OLD.py
[2026-05-10T13:21:20.596+0000] {logging_mixin.py:188} INFO - [2026-05-10T13:21:20.596+0000] {dag.py:3096} INFO - Sync 1 DAGs
[2026-05-10T13:21:20.616+0000] {logging_mixin.py:188} INFO - [2026-05-10T13:21:20.616+0000] {dag.py:3954} INFO - Setting next_dagrun for gas_iot_pipeline_v2 to 2026-05-10 00:00:00+00:00, run_after=2026-05-11 00:00:00+00:00
[2026-05-10T13:21:20.637+0000] {processor.py:183} INFO - Processing /opt/airflow/dags/gas_pipeline_dag_OLD.py took 0.076 seconds
[2026-05-10T13:21:50.803+0000] {processor.py:161} INFO - Started process (PID=1999) to work on /opt/airflow/dags/gas_pipeline_dag_OLD.py
[2026-05-10T13:21:50.804+0000] {processor.py:830} INFO - Processing file /opt/airflow/dags/gas_pipeline_dag_OLD.py for tasks to queue
[2026-05-10T13:21:50.806+0000] {logging_mixin.py:188} INFO - [2026-05-10T13:21:50.805+0000] {dagbag.py:545} INFO - Filling up the DagBag from /opt/airflow/dags/gas_pipeline_dag_OLD.py
[2026-05-10T13:21:50.820+0000] {processor.py:840} INFO - DAG(s) 'gas_iot_pipeline_v2' retrieved from /opt/airflow/dags/gas_pipeline_dag_OLD.py
[2026-05-10T13:21:50.831+0000] {logging_mixin.py:188} INFO - [2026-05-10T13:21:50.831+0000] {dag.py:3096} INFO - Sync 1 DAGs
[2026-05-10T13:21:50.848+0000] {logging_mixin.py:188} INFO - [2026-05-10T13:21:50.848+0000] {dag.py:3954} INFO - Setting next_dagrun for gas_iot_pipeline_v2 to 2026-05-10 00:00:00+00:00, run_after=2026-05-11 00:00:00+00:00
[2026-05-10T13:21:50.863+0000] {processor.py:183} INFO - Processing /opt/airflow/dags/gas_pipeline_dag_OLD.py took 0.065 seconds
[2026-05-10T13:22:21.139+0000] {processor.py:161} INFO - Started process (PID=2019) to work on /opt/airflow/dags/gas_pipeline_dag_OLD.py
[2026-05-10T13:22:21.140+0000] {processor.py:830} INFO - Processing file /opt/airflow/dags/gas_pipeline_dag_OLD.py for tasks to queue
[2026-05-10T13:22:21.142+0000] {logging_mixin.py:188} INFO - [2026-05-10T13:22:21.142+0000] {dagbag.py:545} INFO - Filling up the DagBag from /opt/airflow/dags/gas_pipeline_dag_OLD.py
[2026-05-10T13:22:21.159+0000] {processor.py:840} INFO - DAG(s) 'gas_iot_pipeline_v2' retrieved from /opt/airflow/dags/gas_pipeline_dag_OLD.py
[2026-05-10T13:22:21.173+0000] {logging_mixin.py:188} INFO - [2026-05-10T13:22:21.173+0000] {dag.py:3096} INFO - Sync 1 DAGs
[2026-05-10T13:22:21.195+0000] {logging_mixin.py:188} INFO - [2026-05-10T13:22:21.195+0000] {dag.py:3954} INFO - Setting next_dagrun for gas_iot_pipeline_v2 to 2026-05-10 00:00:00+00:00, run_after=2026-05-11 00:00:00+00:00
[2026-05-10T13:22:21.211+0000] {processor.py:183} INFO - Processing /opt/airflow/dags/gas_pipeline_dag_OLD.py took 0.077 seconds
[2026-05-10T13:22:51.463+0000] {processor.py:161} INFO - Started process (PID=2039) to work on /opt/airflow/dags/gas_pipeline_dag_OLD.py
[2026-05-10T13:22:51.464+0000] {processor.py:830} INFO - Processing file /opt/airflow/dags/gas_pipeline_dag_OLD.py for tasks to queue
[2026-05-10T13:22:51.465+0000] {logging_mixin.py:188} INFO - [2026-05-10T13:22:51.465+0000] {dagbag.py:545} INFO - Filling up the DagBag from /opt/airflow/dags/gas_pipeline_dag_OLD.py
[2026-05-10T13:22:51.479+0000] {processor.py:840} INFO - DAG(s) 'gas_iot_pipeline_v2' retrieved from /opt/airflow/dags/gas_pipeline_dag_OLD.py
[2026-05-10T13:22:51.659+0000] {logging_mixin.py:188} INFO - [2026-05-10T13:22:51.659+0000] {dag.py:3096} INFO - Sync 1 DAGs
[2026-05-10T13:22:51.674+0000] {logging_mixin.py:188} INFO - [2026-05-10T13:22:51.674+0000] {dag.py:3954} INFO - Setting next_dagrun for gas_iot_pipeline_v2 to 2026-05-10 00:00:00+00:00, run_after=2026-05-11 00:00:00+00:00
[2026-05-10T13:22:51.702+0000] {processor.py:183} INFO - Processing /opt/airflow/dags/gas_pipeline_dag_OLD.py took 0.244 seconds
[2026-05-10T13:23:21.815+0000] {processor.py:161} INFO - Started process (PID=2059) to work on /opt/airflow/dags/gas_pipeline_dag_OLD.py
[2026-05-10T13:23:21.816+0000] {processor.py:830} INFO - Processing file /opt/airflow/dags/gas_pipeline_dag_OLD.py for tasks to queue
[2026-05-10T13:23:21.818+0000] {logging_mixin.py:188} INFO - [2026-05-10T13:23:21.818+0000] {dagbag.py:545} INFO - Filling up the DagBag from /opt/airflow/dags/gas_pipeline_dag_OLD.py
[2026-05-10T13:23:21.833+0000] {processor.py:840} INFO - DAG(s) 'gas_iot_pipeline_v2' retrieved from /opt/airflow/dags/gas_pipeline_dag_OLD.py
[2026-05-10T13:23:21.858+0000] {logging_mixin.py:188} INFO - [2026-05-10T13:23:21.857+0000] {dag.py:3096} INFO - Sync 1 DAGs
[2026-05-10T13:23:21.987+0000] {logging_mixin.py:188} INFO - [2026-05-10T13:23:21.987+0000] {dag.py:3954} INFO - Setting next_dagrun for gas_iot_pipeline_v2 to 2026-05-10 00:00:00+00:00, run_after=2026-05-11 00:00:00+00:00
[2026-05-10T13:23:22.009+0000] {processor.py:183} INFO - Processing /opt/airflow/dags/gas_pipeline_dag_OLD.py took 0.199 seconds
[2026-05-10T13:23:52.286+0000] {processor.py:161} INFO - Started process (PID=2079) to work on /opt/airflow/dags/gas_pipeline_dag_OLD.py
[2026-05-10T13:23:52.288+0000] {processor.py:830} INFO - Processing file /opt/airflow/dags/gas_pipeline_dag_OLD.py for tasks to queue
[2026-05-10T13:23:52.290+0000] {logging_mixin.py:188} INFO - [2026-05-10T13:23:52.290+0000] {dagbag.py:545} INFO - Filling up the DagBag from /opt/airflow/dags/gas_pipeline_dag_OLD.py
[2026-05-10T13:23:52.307+0000] {processor.py:840} INFO - DAG(s) 'gas_iot_pipeline_v2' retrieved from /opt/airflow/dags/gas_pipeline_dag_OLD.py
[2026-05-10T13:23:52.318+0000] {logging_mixin.py:188} INFO - [2026-05-10T13:23:52.318+0000] {dag.py:3096} INFO - Sync 1 DAGs
[2026-05-10T13:23:52.339+0000] {logging_mixin.py:188} INFO - [2026-05-10T13:23:52.339+0000] {dag.py:3954} INFO - Setting next_dagrun for gas_iot_pipeline_v2 to 2026-05-10 00:00:00+00:00, run_after=2026-05-11 00:00:00+00:00
[2026-05-10T13:23:52.369+0000] {processor.py:183} INFO - Processing /opt/airflow/dags/gas_pipeline_dag_OLD.py took 0.087 seconds
[2026-05-10T13:24:22.563+0000] {processor.py:161} INFO - Started process (PID=2099) to work on /opt/airflow/dags/gas_pipeline_dag_OLD.py
[2026-05-10T13:24:22.564+0000] {processor.py:830} INFO - Processing file /opt/airflow/dags/gas_pipeline_dag_OLD.py for tasks to queue
[2026-05-10T13:24:22.566+0000] {logging_mixin.py:188} INFO - [2026-05-10T13:24:22.565+0000] {dagbag.py:545} INFO - Filling up the DagBag from /opt/airflow/dags/gas_pipeline_dag_OLD.py
[2026-05-10T13:24:22.578+0000] {processor.py:840} INFO - DAG(s) 'gas_iot_pipeline_v2' retrieved from /opt/airflow/dags/gas_pipeline_dag_OLD.py
[2026-05-10T13:24:22.588+0000] {logging_mixin.py:188} INFO - [2026-05-10T13:24:22.588+0000] {dag.py:3096} INFO - Sync 1 DAGs
[2026-05-10T13:24:22.604+0000] {logging_mixin.py:188} INFO - [2026-05-10T13:24:22.604+0000] {dag.py:3954} INFO - Setting next_dagrun for gas_iot_pipeline_v2 to 2026-05-10 00:00:00+00:00, run_after=2026-05-11 00:00:00+00:00
[2026-05-10T13:24:22.629+0000] {processor.py:183} INFO - Processing /opt/airflow/dags/gas_pipeline_dag_OLD.py took 0.070 seconds
[2026-05-10T13:24:53.153+0000] {processor.py:161} INFO - Started process (PID=2119) to work on /opt/airflow/dags/gas_pipeline_dag_OLD.py
[2026-05-10T13:24:53.155+0000] {processor.py:830} INFO - Processing file /opt/airflow/dags/gas_pipeline_dag_OLD.py for tasks to queue
[2026-05-10T13:24:53.157+0000] {logging_mixin.py:188} INFO - [2026-05-10T13:24:53.157+0000] {dagbag.py:545} INFO - Filling up the DagBag from /opt/airflow/dags/gas_pipeline_dag_OLD.py
[2026-05-10T13:24:53.173+0000] {processor.py:840} INFO - DAG(s) 'gas_iot_pipeline_v2' retrieved from /opt/airflow/dags/gas_pipeline_dag_OLD.py
[2026-05-10T13:24:53.188+0000] {logging_mixin.py:188} INFO - [2026-05-10T13:24:53.188+0000] {dag.py:3096} INFO - Sync 1 DAGs
[2026-05-10T13:24:53.216+0000] {logging_mixin.py:188} INFO - [2026-05-10T13:24:53.216+0000] {dag.py:3954} INFO - Setting next_dagrun for gas_iot_pipeline_v2 to 2026-05-10 00:00:00+00:00, run_after=2026-05-11 00:00:00+00:00
[2026-05-10T13:24:53.241+0000] {processor.py:183} INFO - Processing /opt/airflow/dags/gas_pipeline_dag_OLD.py took 0.093 seconds
[2026-05-10T13:25:23.398+0000] {processor.py:161} INFO - Started process (PID=2139) to work on /opt/airflow/dags/gas_pipeline_dag_OLD.py
[2026-05-10T13:25:23.399+0000] {processor.py:830} INFO - Processing file /opt/airflow/dags/gas_pipeline_dag_OLD.py for tasks to queue
[2026-05-10T13:25:23.400+0000] {logging_mixin.py:188} INFO - [2026-05-10T13:25:23.400+0000] {dagbag.py:545} INFO - Filling up the DagBag from /opt/airflow/dags/gas_pipeline_dag_OLD.py
[2026-05-10T13:25:23.415+0000] {processor.py:840} INFO - DAG(s) 'gas_iot_pipeline_v2' retrieved from /opt/airflow/dags/gas_pipeline_dag_OLD.py
[2026-05-10T13:25:23.613+0000] {logging_mixin.py:188} INFO - [2026-05-10T13:25:23.612+0000] {dag.py:3096} INFO - Sync 1 DAGs
[2026-05-10T13:25:23.629+0000] {logging_mixin.py:188} INFO - [2026-05-10T13:25:23.629+0000] {dag.py:3954} INFO - Setting next_dagrun for gas_iot_pipeline_v2 to 2026-05-10 00:00:00+00:00, run_after=2026-05-11 00:00:00+00:00
[2026-05-10T13:25:23.647+0000] {processor.py:183} INFO - Processing /opt/airflow/dags/gas_pipeline_dag_OLD.py took 0.254 seconds
[2026-05-10T13:25:53.723+0000] {processor.py:161} INFO - Started process (PID=2159) to work on /opt/airflow/dags/gas_pipeline_dag_OLD.py
[2026-05-10T13:25:53.724+0000] {processor.py:830} INFO - Processing file /opt/airflow/dags/gas_pipeline_dag_OLD.py for tasks to queue
[2026-05-10T13:25:53.726+0000] {logging_mixin.py:188} INFO - [2026-05-10T13:25:53.726+0000] {dagbag.py:545} INFO - Filling up the DagBag from /opt/airflow/dags/gas_pipeline_dag_OLD.py
[2026-05-10T13:25:53.741+0000] {processor.py:840} INFO - DAG(s) 'gas_iot_pipeline_v2' retrieved from /opt/airflow/dags/gas_pipeline_dag_OLD.py
[2026-05-10T13:25:53.770+0000] {logging_mixin.py:188} INFO - [2026-05-10T13:25:53.770+0000] {dag.py:3096} INFO - Sync 1 DAGs
[2026-05-10T13:25:53.920+0000] {logging_mixin.py:188} INFO - [2026-05-10T13:25:53.920+0000] {dag.py:3954} INFO - Setting next_dagrun for gas_iot_pipeline_v2 to 2026-05-10 00:00:00+00:00, run_after=2026-05-11 00:00:00+00:00
[2026-05-10T13:25:53.938+0000] {processor.py:183} INFO - Processing /opt/airflow/dags/gas_pipeline_dag_OLD.py took 0.220 seconds
[2026-05-10T13:26:24.192+0000] {processor.py:161} INFO - Started process (PID=2179) to work on /opt/airflow/dags/gas_pipeline_dag_OLD.py
[2026-05-10T13:26:24.193+0000] {processor.py:830} INFO - Processing file /opt/airflow/dags/gas_pipeline_dag_OLD.py for tasks to queue
[2026-05-10T13:26:24.194+0000] {logging_mixin.py:188} INFO - [2026-05-10T13:26:24.194+0000] {dagbag.py:545} INFO - Filling up the DagBag from /opt/airflow/dags/gas_pipeline_dag_OLD.py
[2026-05-10T13:26:24.208+0000] {processor.py:840} INFO - DAG(s) 'gas_iot_pipeline_v2' retrieved from /opt/airflow/dags/gas_pipeline_dag_OLD.py
[2026-05-10T13:26:24.218+0000] {logging_mixin.py:188} INFO - [2026-05-10T13:26:24.218+0000] {dag.py:3096} INFO - Sync 1 DAGs
[2026-05-10T13:26:24.237+0000] {logging_mixin.py:188} INFO - [2026-05-10T13:26:24.237+0000] {dag.py:3954} INFO - Setting next_dagrun for gas_iot_pipeline_v2 to 2026-05-10 00:00:00+00:00, run_after=2026-05-11 00:00:00+00:00
[2026-05-10T13:26:24.251+0000] {processor.py:183} INFO - Processing /opt/airflow/dags/gas_pipeline_dag_OLD.py took 0.063 seconds
[2026-05-10T13:26:54.426+0000] {processor.py:161} INFO - Started process (PID=2199) to work on /opt/airflow/dags/gas_pipeline_dag_OLD.py
[2026-05-10T13:26:54.428+0000] {processor.py:830} INFO - Processing file /opt/airflow/dags/gas_pipeline_dag_OLD.py for tasks to queue
[2026-05-10T13:26:54.430+0000] {logging_mixin.py:188} INFO - [2026-05-10T13:26:54.430+0000] {dagbag.py:545} INFO - Filling up the DagBag from /opt/airflow/dags/gas_pipeline_dag_OLD.py
[2026-05-10T13:26:54.447+0000] {processor.py:840} INFO - DAG(s) 'gas_iot_pipeline_v2' retrieved from /opt/airflow/dags/gas_pipeline_dag_OLD.py
[2026-05-10T13:26:54.462+0000] {logging_mixin.py:188} INFO - [2026-05-10T13:26:54.461+0000] {dag.py:3096} INFO - Sync 1 DAGs
[2026-05-10T13:26:54.485+0000] {logging_mixin.py:188} INFO - [2026-05-10T13:26:54.485+0000] {dag.py:3954} INFO - Setting next_dagrun for gas_iot_pipeline_v2 to 2026-05-10 00:00:00+00:00, run_after=2026-05-11 00:00:00+00:00
[2026-05-10T13:26:54.506+0000] {processor.py:183} INFO - Processing /opt/airflow/dags/gas_pipeline_dag_OLD.py took 0.085 seconds
[2026-05-10T13:27:25.077+0000] {processor.py:161} INFO - Started process (PID=2224) to work on /opt/airflow/dags/gas_pipeline_dag_OLD.py
[2026-05-10T13:27:25.078+0000] {processor.py:830} INFO - Processing file /opt/airflow/dags/gas_pipeline_dag_OLD.py for tasks to queue
[2026-05-10T13:27:25.079+0000] {logging_mixin.py:188} INFO - [2026-05-10T13:27:25.079+0000] {dagbag.py:545} INFO - Filling up the DagBag from /opt/airflow/dags/gas_pipeline_dag_OLD.py
[2026-05-10T13:27:25.214+0000] {processor.py:840} INFO - DAG(s) 'gas_iot_pipeline_v2' retrieved from /opt/airflow/dags/gas_pipeline_dag_OLD.py
[2026-05-10T13:27:25.295+0000] {logging_mixin.py:188} INFO - [2026-05-10T13:27:25.295+0000] {dag.py:3096} INFO - Sync 1 DAGs
[2026-05-10T13:27:25.312+0000] {logging_mixin.py:188} INFO - [2026-05-10T13:27:25.311+0000] {dag.py:3954} INFO - Setting next_dagrun for gas_iot_pipeline_v2 to 2026-05-10 00:00:00+00:00, run_after=2026-05-11 00:00:00+00:00
[2026-05-10T13:27:25.336+0000] {processor.py:183} INFO - Processing /opt/airflow/dags/gas_pipeline_dag_OLD.py took 0.264 seconds
[2026-05-10T13:27:55.527+0000] {processor.py:161} INFO - Started process (PID=2244) to work on /opt/airflow/dags/gas_pipeline_dag_OLD.py
[2026-05-10T13:27:55.528+0000] {processor.py:830} INFO - Processing file /opt/airflow/dags/gas_pipeline_dag_OLD.py for tasks to queue
[2026-05-10T13:27:55.530+0000] {logging_mixin.py:188} INFO - [2026-05-10T13:27:55.529+0000] {dagbag.py:545} INFO - Filling up the DagBag from /opt/airflow/dags/gas_pipeline_dag_OLD.py
[2026-05-10T13:27:55.544+0000] {processor.py:840} INFO - DAG(s) 'gas_iot_pipeline_v2' retrieved from /opt/airflow/dags/gas_pipeline_dag_OLD.py
[2026-05-10T13:27:55.570+0000] {logging_mixin.py:188} INFO - [2026-05-10T13:27:55.569+0000] {dag.py:3096} INFO - Sync 1 DAGs
[2026-05-10T13:27:55.590+0000] {logging_mixin.py:188} INFO - [2026-05-10T13:27:55.589+0000] {dag.py:3954} INFO - Setting next_dagrun for gas_iot_pipeline_v2 to 2026-05-10 00:00:00+00:00, run_after=2026-05-11 00:00:00+00:00
[2026-05-10T13:27:55.610+0000] {processor.py:183} INFO - Processing /opt/airflow/dags/gas_pipeline_dag_OLD.py took 0.087 seconds
[2026-05-10T13:28:25.942+0000] {processor.py:161} INFO - Started process (PID=2264) to work on /opt/airflow/dags/gas_pipeline_dag_OLD.py
[2026-05-10T13:28:25.943+0000] {processor.py:830} INFO - Processing file /opt/airflow/dags/gas_pipeline_dag_OLD.py for tasks to queue
[2026-05-10T13:28:25.945+0000] {logging_mixin.py:188} INFO - [2026-05-10T13:28:25.945+0000] {dagbag.py:545} INFO - Filling up the DagBag from /opt/airflow/dags/gas_pipeline_dag_OLD.py
[2026-05-10T13:28:25.960+0000] {processor.py:840} INFO - DAG(s) 'gas_iot_pipeline_v2' retrieved from /opt/airflow/dags/gas_pipeline_dag_OLD.py
[2026-05-10T13:28:25.971+0000] {logging_mixin.py:188} INFO - [2026-05-10T13:28:25.971+0000] {dag.py:3096} INFO - Sync 1 DAGs
[2026-05-10T13:28:25.991+0000] {logging_mixin.py:188} INFO - [2026-05-10T13:28:25.990+0000] {dag.py:3954} INFO - Setting next_dagrun for gas_iot_pipeline_v2 to 2026-05-10 00:00:00+00:00, run_after=2026-05-11 00:00:00+00:00
[2026-05-10T13:28:26.013+0000] {processor.py:183} INFO - Processing /opt/airflow/dags/gas_pipeline_dag_OLD.py took 0.075 seconds
[2026-05-10T13:28:56.323+0000] {processor.py:161} INFO - Started process (PID=2284) to work on /opt/airflow/dags/gas_pipeline_dag_OLD.py
[2026-05-10T13:28:56.324+0000] {processor.py:830} INFO - Processing file /opt/airflow/dags/gas_pipeline_dag_OLD.py for tasks to queue
[2026-05-10T13:28:56.326+0000] {logging_mixin.py:188} INFO - [2026-05-10T13:28:56.326+0000] {dagbag.py:545} INFO - Filling up the DagBag from /opt/airflow/dags/gas_pipeline_dag_OLD.py
[2026-05-10T13:28:56.340+0000] {processor.py:840} INFO - DAG(s) 'gas_iot_pipeline_v2' retrieved from /opt/airflow/dags/gas_pipeline_dag_OLD.py
[2026-05-10T13:28:56.353+0000] {logging_mixin.py:188} INFO - [2026-05-10T13:28:56.353+0000] {dag.py:3096} INFO - Sync 1 DAGs
[2026-05-10T13:28:56.372+0000] {logging_mixin.py:188} INFO - [2026-05-10T13:28:56.371+0000] {dag.py:3954} INFO - Setting next_dagrun for gas_iot_pipeline_v2 to 2026-05-10 00:00:00+00:00, run_after=2026-05-11 00:00:00+00:00
[2026-05-10T13:28:56.399+0000] {processor.py:183} INFO - Processing /opt/airflow/dags/gas_pipeline_dag_OLD.py took 0.080 seconds
[2026-05-10T13:29:26.669+0000] {processor.py:161} INFO - Started process (PID=2304) to work on /opt/airflow/dags/gas_pipeline_dag_OLD.py
[2026-05-10T13:29:26.671+0000] {processor.py:830} INFO - Processing file /opt/airflow/dags/gas_pipeline_dag_OLD.py for tasks to queue
[2026-05-10T13:29:26.672+0000] {logging_mixin.py:188} INFO - [2026-05-10T13:29:26.672+0000] {dagbag.py:545} INFO - Filling up the DagBag from /opt/airflow/dags/gas_pipeline_dag_OLD.py
[2026-05-10T13:29:26.687+0000] {processor.py:840} INFO - DAG(s) 'gas_iot_pipeline_v2' retrieved from /opt/airflow/dags/gas_pipeline_dag_OLD.py
[2026-05-10T13:29:26.700+0000] {logging_mixin.py:188} INFO - [2026-05-10T13:29:26.700+0000] {dag.py:3096} INFO - Sync 1 DAGs
[2026-05-10T13:29:26.723+0000] {logging_mixin.py:188} INFO - [2026-05-10T13:29:26.723+0000] {dag.py:3954} INFO - Setting next_dagrun for gas_iot_pipeline_v2 to 2026-05-10 00:00:00+00:00, run_after=2026-05-11 00:00:00+00:00
[2026-05-10T13:29:26.752+0000] {processor.py:183} INFO - Processing /opt/airflow/dags/gas_pipeline_dag_OLD.py took 0.088 seconds
[2026-05-10T13:29:57.071+0000] {processor.py:161} INFO - Started process (PID=2324) to work on /opt/airflow/dags/gas_pipeline_dag_OLD.py
[2026-05-10T13:29:57.073+0000] {processor.py:830} INFO - Processing file /opt/airflow/dags/gas_pipeline_dag_OLD.py for tasks to queue
[2026-05-10T13:29:57.074+0000] {logging_mixin.py:188} INFO - [2026-05-10T13:29:57.074+0000] {dagbag.py:545} INFO - Filling up the DagBag from /opt/airflow/dags/gas_pipeline_dag_OLD.py
[2026-05-10T13:29:57.089+0000] {processor.py:840} INFO - DAG(s) 'gas_iot_pipeline_v2' retrieved from /opt/airflow/dags/gas_pipeline_dag_OLD.py
[2026-05-10T13:29:57.101+0000] {logging_mixin.py:188} INFO - [2026-05-10T13:29:57.100+0000] {dag.py:3096} INFO - Sync 1 DAGs
[2026-05-10T13:29:57.121+0000] {logging_mixin.py:188} INFO - [2026-05-10T13:29:57.121+0000] {dag.py:3954} INFO - Setting next_dagrun for gas_iot_pipeline_v2 to 2026-05-10 00:00:00+00:00, run_after=2026-05-11 00:00:00+00:00
[2026-05-10T13:29:57.150+0000] {processor.py:183} INFO - Processing /opt/airflow/dags/gas_pipeline_dag_OLD.py took 0.084 seconds
[2026-05-10T13:30:27.414+0000] {processor.py:161} INFO - Started process (PID=2344) to work on /opt/airflow/dags/gas_pipeline_dag_OLD.py
[2026-05-10T13:30:27.415+0000] {processor.py:830} INFO - Processing file /opt/airflow/dags/gas_pipeline_dag_OLD.py for tasks to queue
[2026-05-10T13:30:27.417+0000] {logging_mixin.py:188} INFO - [2026-05-10T13:30:27.417+0000] {dagbag.py:545} INFO - Filling up the DagBag from /opt/airflow/dags/gas_pipeline_dag_OLD.py
[2026-05-10T13:30:27.430+0000] {processor.py:840} INFO - DAG(s) 'gas_iot_pipeline_v2' retrieved from /opt/airflow/dags/gas_pipeline_dag_OLD.py
[2026-05-10T13:30:27.442+0000] {logging_mixin.py:188} INFO - [2026-05-10T13:30:27.442+0000] {dag.py:3096} INFO - Sync 1 DAGs
[2026-05-10T13:30:27.461+0000] {logging_mixin.py:188} INFO - [2026-05-10T13:30:27.461+0000] {dag.py:3954} INFO - Setting next_dagrun for gas_iot_pipeline_v2 to 2026-05-10 00:00:00+00:00, run_after=2026-05-11 00:00:00+00:00
[2026-05-10T13:30:27.482+0000] {processor.py:183} INFO - Processing /opt/airflow/dags/gas_pipeline_dag_OLD.py took 0.073 seconds
[2026-05-10T13:30:57.868+0000] {processor.py:161} INFO - Started process (PID=2364) to work on /opt/airflow/dags/gas_pipeline_dag_OLD.py
[2026-05-10T13:30:57.869+0000] {processor.py:830} INFO - Processing file /opt/airflow/dags/gas_pipeline_dag_OLD.py for tasks to queue
[2026-05-10T13:30:57.871+0000] {logging_mixin.py:188} INFO - [2026-05-10T13:30:57.871+0000] {dagbag.py:545} INFO - Filling up the DagBag from /opt/airflow/dags/gas_pipeline_dag_OLD.py
[2026-05-10T13:30:57.884+0000] {processor.py:840} INFO - DAG(s) 'gas_iot_pipeline_v2' retrieved from /opt/airflow/dags/gas_pipeline_dag_OLD.py
[2026-05-10T13:30:57.897+0000] {logging_mixin.py:188} INFO - [2026-05-10T13:30:57.897+0000] {dag.py:3096} INFO - Sync 1 DAGs
[2026-05-10T13:30:57.920+0000] {logging_mixin.py:188} INFO - [2026-05-10T13:30:57.919+0000] {dag.py:3954} INFO - Setting next_dagrun for gas_iot_pipeline_v2 to 2026-05-10 00:00:00+00:00, run_after=2026-05-11 00:00:00+00:00
[2026-05-10T13:30:57.939+0000] {processor.py:183} INFO - Processing /opt/airflow/dags/gas_pipeline_dag_OLD.py took 0.075 seconds
[2026-05-10T13:31:28.209+0000] {processor.py:161} INFO - Started process (PID=2384) to work on /opt/airflow/dags/gas_pipeline_dag_OLD.py
[2026-05-10T13:31:28.210+0000] {processor.py:830} INFO - Processing file /opt/airflow/dags/gas_pipeline_dag_OLD.py for tasks to queue
[2026-05-10T13:31:28.212+0000] {logging_mixin.py:188} INFO - [2026-05-10T13:31:28.211+0000] {dagbag.py:545} INFO - Filling up the DagBag from /opt/airflow/dags/gas_pipeline_dag_OLD.py
[2026-05-10T13:31:28.226+0000] {processor.py:840} INFO - DAG(s) 'gas_iot_pipeline_v2' retrieved from /opt/airflow/dags/gas_pipeline_dag_OLD.py
[2026-05-10T13:31:28.236+0000] {logging_mixin.py:188} INFO - [2026-05-10T13:31:28.236+0000] {dag.py:3096} INFO - Sync 1 DAGs
[2026-05-10T13:31:28.253+0000] {logging_mixin.py:188} INFO - [2026-05-10T13:31:28.252+0000] {dag.py:3954} INFO - Setting next_dagrun for gas_iot_pipeline_v2 to 2026-05-10 00:00:00+00:00, run_after=2026-05-11 00:00:00+00:00
[2026-05-10T13:31:28.278+0000] {processor.py:183} INFO - Processing /opt/airflow/dags/gas_pipeline_dag_OLD.py took 0.073 seconds
[2026-05-10T13:31:58.565+0000] {processor.py:161} INFO - Started process (PID=2404) to work on /opt/airflow/dags/gas_pipeline_dag_OLD.py
[2026-05-10T13:31:58.566+0000] {processor.py:830} INFO - Processing file /opt/airflow/dags/gas_pipeline_dag_OLD.py for tasks to queue
[2026-05-10T13:31:58.568+0000] {logging_mixin.py:188} INFO - [2026-05-10T13:31:58.568+0000] {dagbag.py:545} INFO - Filling up the DagBag from /opt/airflow/dags/gas_pipeline_dag_OLD.py
[2026-05-10T13:31:58.582+0000] {processor.py:840} INFO - DAG(s) 'gas_iot_pipeline_v2' retrieved from /opt/airflow/dags/gas_pipeline_dag_OLD.py
[2026-05-10T13:31:58.594+0000] {logging_mixin.py:188} INFO - [2026-05-10T13:31:58.594+0000] {dag.py:3096} INFO - Sync 1 DAGs
[2026-05-10T13:31:58.613+0000] {logging_mixin.py:188} INFO - [2026-05-10T13:31:58.612+0000] {dag.py:3954} INFO - Setting next_dagrun for gas_iot_pipeline_v2 to 2026-05-10 00:00:00+00:00, run_after=2026-05-11 00:00:00+00:00
[2026-05-10T13:31:58.640+0000] {processor.py:183} INFO - Processing /opt/airflow/dags/gas_pipeline_dag_OLD.py took 0.080 seconds
[2026-05-10T13:32:28.886+0000] {processor.py:161} INFO - Started process (PID=2424) to work on /opt/airflow/dags/gas_pipeline_dag_OLD.py
[2026-05-10T13:32:28.887+0000] {processor.py:830} INFO - Processing file /opt/airflow/dags/gas_pipeline_dag_OLD.py for tasks to queue
[2026-05-10T13:32:28.889+0000] {logging_mixin.py:188} INFO - [2026-05-10T13:32:28.889+0000] {dagbag.py:545} INFO - Filling up the DagBag from /opt/airflow/dags/gas_pipeline_dag_OLD.py
[2026-05-10T13:32:28.904+0000] {processor.py:840} INFO - DAG(s) 'gas_iot_pipeline_v2' retrieved from /opt/airflow/dags/gas_pipeline_dag_OLD.py
[2026-05-10T13:32:28.915+0000] {logging_mixin.py:188} INFO - [2026-05-10T13:32:28.915+0000] {dag.py:3096} INFO - Sync 1 DAGs
[2026-05-10T13:32:28.935+0000] {logging_mixin.py:188} INFO - [2026-05-10T13:32:28.935+0000] {dag.py:3954} INFO - Setting next_dagrun for gas_iot_pipeline_v2 to 2026-05-10 00:00:00+00:00, run_after=2026-05-11 00:00:00+00:00
[2026-05-10T13:32:28.957+0000] {processor.py:183} INFO - Processing /opt/airflow/dags/gas_pipeline_dag_OLD.py took 0.076 seconds
[2026-05-10T13:32:59.282+0000] {processor.py:161} INFO - Started process (PID=2444) to work on /opt/airflow/dags/gas_pipeline_dag_OLD.py
[2026-05-10T13:32:59.284+0000] {processor.py:830} INFO - Processing file /opt/airflow/dags/gas_pipeline_dag_OLD.py for tasks to queue
[2026-05-10T13:32:59.286+0000] {logging_mixin.py:188} INFO - [2026-05-10T13:32:59.286+0000] {dagbag.py:545} INFO - Filling up the DagBag from /opt/airflow/dags/gas_pipeline_dag_OLD.py
[2026-05-10T13:32:59.302+0000] {processor.py:840} INFO - DAG(s) 'gas_iot_pipeline_v2' retrieved from /opt/airflow/dags/gas_pipeline_dag_OLD.py
[2026-05-10T13:32:59.313+0000] {logging_mixin.py:188} INFO - [2026-05-10T13:32:59.313+0000] {dag.py:3096} INFO - Sync 1 DAGs
[2026-05-10T13:32:59.332+0000] {logging_mixin.py:188} INFO - [2026-05-10T13:32:59.332+0000] {dag.py:3954} INFO - Setting next_dagrun for gas_iot_pipeline_v2 to 2026-05-10 00:00:00+00:00, run_after=2026-05-11 00:00:00+00:00
[2026-05-10T13:32:59.348+0000] {processor.py:183} INFO - Processing /opt/airflow/dags/gas_pipeline_dag_OLD.py took 0.070 seconds
[2026-05-10T13:33:29.586+0000] {processor.py:161} INFO - Started process (PID=2464) to work on /opt/airflow/dags/gas_pipeline_dag_OLD.py
[2026-05-10T13:33:29.587+0000] {processor.py:830} INFO - Processing file /opt/airflow/dags/gas_pipeline_dag_OLD.py for tasks to queue
[2026-05-10T13:33:29.589+0000] {logging_mixin.py:188} INFO - [2026-05-10T13:33:29.589+0000] {dagbag.py:545} INFO - Filling up the DagBag from /opt/airflow/dags/gas_pipeline_dag_OLD.py
[2026-05-10T13:33:29.602+0000] {processor.py:840} INFO - DAG(s) 'gas_iot_pipeline_v2' retrieved from /opt/airflow/dags/gas_pipeline_dag_OLD.py
[2026-05-10T13:33:29.613+0000] {logging_mixin.py:188} INFO - [2026-05-10T13:33:29.613+0000] {dag.py:3096} INFO - Sync 1 DAGs
[2026-05-10T13:33:29.632+0000] {logging_mixin.py:188} INFO - [2026-05-10T13:33:29.632+0000] {dag.py:3954} INFO - Setting next_dagrun for gas_iot_pipeline_v2 to 2026-05-10 00:00:00+00:00, run_after=2026-05-11 00:00:00+00:00
[2026-05-10T13:33:29.647+0000] {processor.py:183} INFO - Processing /opt/airflow/dags/gas_pipeline_dag_OLD.py took 0.066 seconds
