[2026-05-10T12:41:41.732+0000] {local_task_job_runner.py:120} INFO - ::group::Pre task execution logs
[2026-05-10T12:41:41.757+0000] {taskinstance.py:2076} INFO - Dependencies all met for dep_context=non-requeueable deps ti=<TaskInstance: gas_iot_pipeline_v2.run_analytics manual__2026-05-10T12:41:36.673367+00:00 [queued]>
[2026-05-10T12:41:41.763+0000] {taskinstance.py:2076} INFO - Dependencies all met for dep_context=requeueable deps ti=<TaskInstance: gas_iot_pipeline_v2.run_analytics manual__2026-05-10T12:41:36.673367+00:00 [queued]>
[2026-05-10T12:41:41.765+0000] {taskinstance.py:2306} INFO - Starting attempt 1 of 1
[2026-05-10T12:41:41.777+0000] {taskinstance.py:2330} INFO - Executing <Task(PythonOperator): run_analytics> on 2026-05-10 12:41:36.673367+00:00
[2026-05-10T12:41:41.787+0000] {standard_task_runner.py:90} INFO - Running: ['***', 'tasks', 'run', 'gas_iot_pipeline_v2', 'run_analytics', 'manual__2026-05-10T12:41:36.673367+00:00', '--job-id', '10', '--raw', '--subdir', 'DAGS_FOLDER/.ipynb_checkpoints/gas_pipeline_dag-checkpoint.py', '--cfg-path', '/tmp/tmp4fpt9kb3']
[2026-05-10T12:41:41.789+0000] {standard_task_runner.py:91} INFO - Job 10: Subtask run_analytics
[2026-05-10T12:41:41.790+0000] {logging_mixin.py:188} WARNING - /home/***/.local/lib/python3.12/site-packages/***/task/task_runner/standard_task_runner.py:61 DeprecationWarning: This process (pid=642) is multi-threaded, use of fork() may lead to deadlocks in the child.
[2026-05-10T12:41:41.791+0000] {standard_task_runner.py:63} INFO - Started process 643 to run task
[2026-05-10T12:41:41.837+0000] {task_command.py:426} INFO - Running <TaskInstance: gas_iot_pipeline_v2.run_analytics manual__2026-05-10T12:41:36.673367+00:00 [running]> on host b0efcfe6ac4a
[2026-05-10T12:41:41.909+0000] {taskinstance.py:2648} INFO - Exporting env vars: AIRFLOW_CTX_DAG_OWNER='***' AIRFLOW_CTX_DAG_ID='gas_iot_pipeline_v2' AIRFLOW_CTX_TASK_ID='run_analytics' AIRFLOW_CTX_EXECUTION_DATE='2026-05-10T12:41:36.673367+00:00' AIRFLOW_CTX_TRY_NUMBER='1' AIRFLOW_CTX_DAG_RUN_ID='manual__2026-05-10T12:41:36.673367+00:00'
[2026-05-10T12:41:41.910+0000] {taskinstance.py:430} INFO - ::endgroup::
[2026-05-10T12:41:42.294+0000] {logging_mixin.py:188} INFO - 1. lekérdezés kész: top10_consumers.csv
[2026-05-10T12:41:42.312+0000] {logging_mixin.py:188} INFO - 2. lekérdezés kész: daily_trend.csv
[2026-05-10T12:41:42.324+0000] {logging_mixin.py:188} INFO - 3. lekérdezés kész: status_distribution.csv
[2026-05-10T12:41:42.325+0000] {logging_mixin.py:188} INFO - Siker: Analytics CSV-k elmentve: /opt/***/data/analytics
[2026-05-10T12:41:42.326+0000] {python.py:237} INFO - Done. Returned value was: None
[2026-05-10T12:41:42.327+0000] {taskinstance.py:441} INFO - ::group::Post task execution logs
[2026-05-10T12:41:42.335+0000] {taskinstance.py:1206} INFO - Marking task as SUCCESS. dag_id=gas_iot_pipeline_v2, task_id=run_analytics, run_id=manual__2026-05-10T12:41:36.673367+00:00, execution_date=20260510T124136, start_date=20260510T124141, end_date=20260510T124142
[2026-05-10T12:41:42.383+0000] {local_task_job_runner.py:240} INFO - Task exited with return code 0
[2026-05-10T12:41:42.398+0000] {taskinstance.py:3503} INFO - 0 downstream tasks scheduled from follow-on schedule check
[2026-05-10T12:41:42.403+0000] {local_task_job_runner.py:222} INFO - ::endgroup::
