[2026-05-10T11:52:28.682+0000] {local_task_job_runner.py:120} INFO - ::group::Pre task execution logs
[2026-05-10T11:52:28.715+0000] {taskinstance.py:2076} INFO - Dependencies all met for dep_context=non-requeueable deps ti=<TaskInstance: gas_iot_pipeline.transform_data manual__2026-05-10T11:52:25.601732+00:00 [queued]>
[2026-05-10T11:52:28.722+0000] {taskinstance.py:2076} INFO - Dependencies all met for dep_context=requeueable deps ti=<TaskInstance: gas_iot_pipeline.transform_data manual__2026-05-10T11:52:25.601732+00:00 [queued]>
[2026-05-10T11:52:28.723+0000] {taskinstance.py:2306} INFO - Starting attempt 1 of 2
[2026-05-10T11:52:28.735+0000] {taskinstance.py:2330} INFO - Executing <Task(PythonOperator): transform_data> on 2026-05-10 11:52:25.601732+00:00
[2026-05-10T11:52:28.742+0000] {standard_task_runner.py:90} INFO - Running: ['***', 'tasks', 'run', 'gas_iot_pipeline', 'transform_data', 'manual__2026-05-10T11:52:25.601732+00:00', '--job-id', '5', '--raw', '--subdir', 'DAGS_FOLDER/gas_pipeline_dag.py', '--cfg-path', '/tmp/tmpeaxtxy1k']
[2026-05-10T11:52:28.744+0000] {standard_task_runner.py:91} INFO - Job 5: Subtask transform_data
[2026-05-10T11:52:28.747+0000] {logging_mixin.py:188} WARNING - /home/***/.local/lib/python3.12/site-packages/***/task/task_runner/standard_task_runner.py:61 DeprecationWarning: This process (pid=245) is multi-threaded, use of fork() may lead to deadlocks in the child.
[2026-05-10T11:52:28.748+0000] {standard_task_runner.py:63} INFO - Started process 248 to run task
[2026-05-10T11:52:28.788+0000] {task_command.py:426} INFO - Running <TaskInstance: gas_iot_pipeline.transform_data manual__2026-05-10T11:52:25.601732+00:00 [running]> on host e4f85a50bdd9
[2026-05-10T11:52:28.850+0000] {taskinstance.py:2648} INFO - Exporting env vars: AIRFLOW_CTX_DAG_OWNER='***' AIRFLOW_CTX_DAG_ID='gas_iot_pipeline' AIRFLOW_CTX_TASK_ID='transform_data' AIRFLOW_CTX_EXECUTION_DATE='2026-05-10T11:52:25.601732+00:00' AIRFLOW_CTX_TRY_NUMBER='1' AIRFLOW_CTX_DAG_RUN_ID='manual__2026-05-10T11:52:25.601732+00:00'
[2026-05-10T11:52:28.851+0000] {taskinstance.py:430} INFO - ::endgroup::
[2026-05-10T11:52:29.427+0000] {taskinstance.py:441} INFO - ::group::Post task execution logs
[2026-05-10T11:52:29.428+0000] {taskinstance.py:2905} ERROR - Task failed with exception
Traceback (most recent call last):
  File "/home/airflow/.local/lib/python3.12/site-packages/airflow/models/taskinstance.py", line 465, in _execute_task
    result = _execute_callable(context=context, **execute_callable_kwargs)
             ^^^^^^^^^^^^^^^^^^^^^^^^^^^^^^^^^^^^^^^^^^^^^^^^^^^^^^^^^^^^^
  File "/home/airflow/.local/lib/python3.12/site-packages/airflow/models/taskinstance.py", line 432, in _execute_callable
    return execute_callable(context=context, **execute_callable_kwargs)
           ^^^^^^^^^^^^^^^^^^^^^^^^^^^^^^^^^^^^^^^^^^^^^^^^^^^^^^^^^^^^
  File "/home/airflow/.local/lib/python3.12/site-packages/airflow/models/baseoperator.py", line 401, in wrapper
    return func(self, *args, **kwargs)
           ^^^^^^^^^^^^^^^^^^^^^^^^^^^
  File "/home/airflow/.local/lib/python3.12/site-packages/airflow/operators/python.py", line 235, in execute
    return_value = self.execute_callable()
                   ^^^^^^^^^^^^^^^^^^^^^^^
  File "/home/airflow/.local/lib/python3.12/site-packages/airflow/operators/python.py", line 252, in execute_callable
    return self.python_callable(*self.op_args, **self.op_kwargs)
           ^^^^^^^^^^^^^^^^^^^^^^^^^^^^^^^^^^^^^^^^^^^^^^^^^^^^^
  File "/opt/airflow/dags/gas_pipeline_dag.py", line 70, in run_transformations
    con = duckdb.connect(db_path)
          ^^^^^^^^^^^^^^^^^^^^^^^
_duckdb.IOException: IO Error: Could not set lock on file "/opt/***/data/gas_warehouse.duckdb": Conflicting lock is held in /usr/local/bin/python3.12 (PID 247). See also https://duckdb.org/docs/stable/connect/concurrency
[2026-05-10T11:52:29.440+0000] {taskinstance.py:1206} INFO - Marking task as UP_FOR_RETRY. dag_id=gas_iot_pipeline, task_id=transform_data, run_id=manual__2026-05-10T11:52:25.601732+00:00, execution_date=20260510T115225, start_date=20260510T115228, end_date=20260510T115229
[2026-05-10T11:52:29.450+0000] {standard_task_runner.py:110} ERROR - Failed to execute job 5 for task transform_data (IO Error: Could not set lock on file "/opt/***/data/gas_warehouse.duckdb": Conflicting lock is held in /usr/local/bin/python3.12 (PID 247). See also https://duckdb.org/docs/stable/connect/concurrency; 248)
[2026-05-10T11:52:29.501+0000] {local_task_job_runner.py:240} INFO - Task exited with return code 1
[2026-05-10T11:52:29.516+0000] {taskinstance.py:3503} INFO - 0 downstream tasks scheduled from follow-on schedule check
[2026-05-10T11:52:29.520+0000] {local_task_job_runner.py:222} INFO - ::endgroup::
